Using pre-set license
Built from '2021.3/staging' branch; Version is '2021.3.6f1 (7da38d85baf6) revision 8233869'; Using compiler version '192829333'; Build Type 'Release'
OS: 'Windows 10  (10.0.19043) 64bit Professional' Language: 'en' Physical Memory: 16221 MB
BatchMode: 1, IsHumanControllingUs: 0, StartBugReporterOnCrash: 0, Is64bit: 1, IsPro: 1

COMMAND LINE ARGUMENTS:
C:\Program Files\Unity\Hub\Editor\2021.3.6f1\Editor\Unity.exe
-adb2
-batchMode
-noUpm
-name
AssetImportWorker3
-projectPath
C:/Users/Metaverse XR/Documents/GitHub/Interntank
-logFile
Logs/AssetImportWorker3.log
-srvPort
65279
Successfully changed project path to: C:/Users/Metaverse XR/Documents/GitHub/Interntank
C:/Users/Metaverse XR/Documents/GitHub/Interntank
[UnityMemory] Configuration Parameters - Can be set up in boot.config
    "memorysetup-bucket-allocator-granularity=16"
    "memorysetup-bucket-allocator-bucket-count=8"
    "memorysetup-bucket-allocator-block-size=33554432"
    "memorysetup-bucket-allocator-block-count=8"
    "memorysetup-main-allocator-block-size=16777216"
    "memorysetup-thread-allocator-block-size=16777216"
    "memorysetup-gfx-main-allocator-block-size=16777216"
    "memorysetup-gfx-thread-allocator-block-size=16777216"
    "memorysetup-cache-allocator-block-size=4194304"
    "memorysetup-typetree-allocator-block-size=2097152"
    "memorysetup-profiler-bucket-allocator-granularity=16"
    "memorysetup-profiler-bucket-allocator-bucket-count=8"
    "memorysetup-profiler-bucket-allocator-block-size=33554432"
    "memorysetup-profiler-bucket-allocator-block-count=8"
    "memorysetup-profiler-allocator-block-size=16777216"
    "memorysetup-profiler-editor-allocator-block-size=1048576"
    "memorysetup-temp-allocator-size-main=16777216"
    "memorysetup-job-temp-allocator-block-size=2097152"
    "memorysetup-job-temp-allocator-block-size-background=1048576"
    "memorysetup-job-temp-allocator-reduction-small-platforms=262144"
    "memorysetup-temp-allocator-size-background-worker=32768"
    "memorysetup-temp-allocator-size-job-worker=262144"
    "memorysetup-temp-allocator-size-preload-manager=33554432"
    "memorysetup-temp-allocator-size-nav-mesh-worker=65536"
    "memorysetup-temp-allocator-size-audio-worker=65536"
    "memorysetup-temp-allocator-size-cloud-worker=32768"
    "memorysetup-temp-allocator-size-gi-baking-worker=262144"
    "memorysetup-temp-allocator-size-gfx=262144"
Refreshing native plugins compatible for Editor in 58.09 ms, found 2 plugins.
Preloading 0 native plugins for Editor in 0.00 ms.
Initialize engine version: 2021.3.6f1 (7da38d85baf6)
[Subsystems] Discovering subsystems at path C:/Program Files/Unity/Hub/Editor/2021.3.6f1/Editor/Data/Resources/UnitySubsystems
[Subsystems] Discovering subsystems at path C:/Users/Metaverse XR/Documents/GitHub/Interntank/Assets
GfxDevice: creating device client; threaded=0; jobified=0
Direct3D:
    Version:  Direct3D 11.0 [level 11.1]
    Renderer: NVIDIA GeForce RTX 3060 (ID=0x2504)
    Vendor:   NVIDIA
    VRAM:     12143 MB
    Driver:   30.0.14.7212
Initialize mono
Mono path[0] = 'C:/Program Files/Unity/Hub/Editor/2021.3.6f1/Editor/Data/Managed'
Mono path[1] = 'C:/Program Files/Unity/Hub/Editor/2021.3.6f1/Editor/Data/MonoBleedingEdge/lib/mono/unityjit-win32'
Mono config path = 'C:/Program Files/Unity/Hub/Editor/2021.3.6f1/Editor/Data/MonoBleedingEdge/etc'
Using monoOptions --debugger-agent=transport=dt_socket,embedding=1,server=y,suspend=n,address=127.0.0.1:56596
Begin MonoManager ReloadAssembly
Registering precompiled unity dll's ...
Register platform support module: C:/Program Files/Unity/Hub/Editor/2021.3.6f1/Editor/Data/PlaybackEngines/WebGLSupport/UnityEditor.WebGL.Extensions.dll
Register platform support module: C:/Program Files/Unity/Hub/Editor/2021.3.6f1/Editor/Data/PlaybackEngines/WindowsStandaloneSupport/UnityEditor.WindowsStandalone.Extensions.dll
Registered in 0.003236 seconds.
Native extension for WindowsStandalone target not found
Native extension for WebGL target not found
Refreshing native plugins compatible for Editor in 46.18 ms, found 2 plugins.
Preloading 0 native plugins for Editor in 0.00 ms.
Mono: successfully reloaded assembly
- Completed reload, in  0.430 seconds
Domain Reload Profiling:
	ReloadAssembly (430ms)
		BeginReloadAssembly (53ms)
			ExecutionOrderSort (0ms)
			DisableScriptedObjects (0ms)
			BackupInstance (0ms)
			ReleaseScriptingObjects (0ms)
			CreateAndSetChildDomain (1ms)
		EndReloadAssembly (296ms)
			LoadAssemblies (50ms)
			RebuildTransferFunctionScriptingTraits (0ms)
			SetupTypeCache (74ms)
			ReleaseScriptCaches (0ms)
			RebuildScriptCaches (19ms)
			SetupLoadedEditorAssemblies (167ms)
				LogAssemblyErrors (0ms)
				InitializePlatformSupportModulesInManaged (6ms)
				SetLoadedEditorAssemblies (0ms)
				RefreshPlugins (46ms)
				BeforeProcessingInitializeOnLoad (1ms)
				ProcessInitializeOnLoadAttributes (84ms)
				ProcessInitializeOnLoadMethodAttributes (30ms)
				AfterProcessingInitializeOnLoad (0ms)
				EditorAssembliesLoaded (0ms)
			ExecutionOrderSort2 (0ms)
			AwakeInstancesAfterBackupRestoration (0ms)
Platform modules already initialized, skipping
Registering precompiled user dll's ...
Registered in 0.005161 seconds.
Begin MonoManager ReloadAssembly
Native extension for WindowsStandalone target not found
Native extension for WebGL target not found
Refreshing native plugins compatible for Editor in 48.43 ms, found 2 plugins.
Preloading 0 native plugins for Editor in 0.00 ms.
Mono: successfully reloaded assembly
- Completed reload, in  0.832 seconds
Domain Reload Profiling:
	ReloadAssembly (833ms)
		BeginReloadAssembly (71ms)
			ExecutionOrderSort (0ms)
			DisableScriptedObjects (4ms)
			BackupInstance (0ms)
			ReleaseScriptingObjects (0ms)
			CreateAndSetChildDomain (13ms)
		EndReloadAssembly (660ms)
			LoadAssemblies (53ms)
			RebuildTransferFunctionScriptingTraits (0ms)
			SetupTypeCache (172ms)
			ReleaseScriptCaches (0ms)
			RebuildScriptCaches (41ms)
			SetupLoadedEditorAssemblies (362ms)
				LogAssemblyErrors (0ms)
				InitializePlatformSupportModulesInManaged (4ms)
				SetLoadedEditorAssemblies (0ms)
				RefreshPlugins (48ms)
				BeforeProcessingInitializeOnLoad (67ms)
				ProcessInitializeOnLoadAttributes (177ms)
				ProcessInitializeOnLoadMethodAttributes (63ms)
				AfterProcessingInitializeOnLoad (3ms)
				EditorAssembliesLoaded (0ms)
			ExecutionOrderSort2 (0ms)
			AwakeInstancesAfterBackupRestoration (4ms)
Platform modules already initialized, skipping
========================================================================
Worker process is ready to serve import requests
Launched and connected shader compiler UnityShaderCompiler.exe after 0.03 seconds
Refreshing native plugins compatible for Editor in 0.55 ms, found 2 plugins.
Preloading 0 native plugins for Editor in 0.00 ms.
Unloading 3952 Unused Serialized files (Serialized files now loaded: 0)
Unloading 53 unused Assets / (0.8 MB). Loaded Objects now: 4398.
Memory consumption went from 172.6 MB to 171.9 MB.
Total: 3.255800 ms (FindLiveObjects: 0.230600 ms CreateObjectMapping: 0.101800 ms MarkObjects: 2.689100 ms  DeleteObjects: 0.233400 ms)

AssetImportParameters requested are different than current active one (requested -> active):
  custom:video-decoder-ogg-theora: a1e56fd34408186e4bbccfd4996cb3dc -> 
  custom:container-muxer-webm: aa71ff27fc2769a1b78a27578f13a17b -> 
  custom:container-demuxer-webm: 4f35f7cbe854078d1ac9338744f61a02 -> 
  custom:video-encoder-webm-vp8: eb34c28f22e8b96e1ab97ce403110664 -> 
  custom:audio-encoder-webm-vorbis: bf7c407c2cedff20999df2af8eb42d56 -> 
  custom:framework-win-MediaFoundation: 216162199b28c13a410421893ffa2e32 -> 
  custom:container-demuxer-ogg: 62fdf1f143b41e24485cea50d1cbac27 -> 
  custom:video-decoder-webm-vp8: 9c59270c3fd7afecdb556c50c9e8de78 -> 
  custom:audio-decoder-ogg-vorbis: bf7c407c2cedff20999df2af8eb42d56 -> 
========================================================================
Received Import Request.
  Time since last request: 1197.527213 seconds.
  path: Assets/TooCubeForest/images/Forest_deco_covers(fall)_1.asset
  artifactKey: Guid(521dfe8939151244c94dc770a227f08d) Importer(815301076,1909f56bfc062723c751e8b465ee728b)
Start importing Assets/TooCubeForest/images/Forest_deco_covers(fall)_1.asset using Guid(521dfe8939151244c94dc770a227f08d) Importer(815301076,1909f56bfc062723c751e8b465ee728b)  -> (artifact id: 'c194c577aafb50066384f47d617cbe6b') in 0.057603 seconds 
========================================================================
Received Import Request.
  Time since last request: 0.000028 seconds.
  path: Assets/TooCubeForest/images/Forest_deco_leaves(winter)01_128px_0.asset
  artifactKey: Guid(e9ebef61f4aeccb4c9615d153c0ff343) Importer(815301076,1909f56bfc062723c751e8b465ee728b)
Start importing Assets/TooCubeForest/images/Forest_deco_leaves(winter)01_128px_0.asset using Guid(e9ebef61f4aeccb4c9615d153c0ff343) Importer(815301076,1909f56bfc062723c751e8b465ee728b)  -> (artifact id: 'b4c436a639889805b1ddc321008a8f06') in 0.012775 seconds 
========================================================================
Received Import Request.
  Time since last request: 0.000023 seconds.
  path: Assets/TooCubeForest/images/Forest_deco_covers(summer)_2.asset
  artifactKey: Guid(6ba06ed6d57ff7b409ba8764b6df4a26) Importer(815301076,1909f56bfc062723c751e8b465ee728b)
Start importing Assets/TooCubeForest/images/Forest_deco_covers(summer)_2.asset using Guid(6ba06ed6d57ff7b409ba8764b6df4a26) Importer(815301076,1909f56bfc062723c751e8b465ee728b)  -> (artifact id: '785d546762bfed22c8cd26119d0e8e44') in 0.025572 seconds 
========================================================================
Received Import Request.
  Time since last request: 0.000018 seconds.
  path: Assets/TooCubeForest/images/Forest_deco_leaves(fall)01_128px.png
  artifactKey: Guid(4d5cf8230d2ac284aa690adc5209e88f) Importer(815301076,1909f56bfc062723c751e8b465ee728b)
Start importing Assets/TooCubeForest/images/Forest_deco_leaves(fall)01_128px.png using Guid(4d5cf8230d2ac284aa690adc5209e88f) Importer(815301076,1909f56bfc062723c751e8b465ee728b)  -> (artifact id: '738d6145fe8d8f96836409d3050fa8d3') in 0.103364 seconds 
========================================================================
Received Import Request.
  Time since last request: 0.000026 seconds.
  path: Assets/TooCubeForest/images/Forest_deco_leaves(fall)02_128px_2.asset
  artifactKey: Guid(7d69edbcd70cba740a723d269bccaa1f) Importer(815301076,1909f56bfc062723c751e8b465ee728b)
Start importing Assets/TooCubeForest/images/Forest_deco_leaves(fall)02_128px_2.asset using Guid(7d69edbcd70cba740a723d269bccaa1f) Importer(815301076,1909f56bfc062723c751e8b465ee728b)  -> (artifact id: '04244bf40508d2be3db02d7f28b84c13') in 0.012452 seconds 
========================================================================
Received Import Request.
  Time since last request: 0.000019 seconds.
  path: Assets/TooCubeForest/images/Forest_deco_covers(ice)_2.asset
  artifactKey: Guid(1181a3ff9442fc24c904aa6f88c8c28e) Importer(815301076,1909f56bfc062723c751e8b465ee728b)
Start importing Assets/TooCubeForest/images/Forest_deco_covers(ice)_2.asset using Guid(1181a3ff9442fc24c904aa6f88c8c28e) Importer(815301076,1909f56bfc062723c751e8b465ee728b)  -> (artifact id: '6758cdac3a878c9de1ac962a7c32622c') in 0.012335 seconds 
========================================================================
Received Import Request.
  Time since last request: 0.000018 seconds.
  path: Assets/TooCubeForest/images/Forest_deco_covers(snow)_1.asset
  artifactKey: Guid(b8691e4abc6131647a72eccc46e85cef) Importer(815301076,1909f56bfc062723c751e8b465ee728b)
Start importing Assets/TooCubeForest/images/Forest_deco_covers(snow)_1.asset using Guid(b8691e4abc6131647a72eccc46e85cef) Importer(815301076,1909f56bfc062723c751e8b465ee728b)  -> (artifact id: 'e803deeaad78a8e24632af544592bae5') in 0.013725 seconds 
========================================================================
Received Import Request.
  Time since last request: 0.000021 seconds.
  path: Assets/TooCubeForest/images/Forest_deco_leaves(fall)02_128px.png
  artifactKey: Guid(0a8f4ef9aea036048a18663328e8e57b) Importer(815301076,1909f56bfc062723c751e8b465ee728b)
Start importing Assets/TooCubeForest/images/Forest_deco_leaves(fall)02_128px.png using Guid(0a8f4ef9aea036048a18663328e8e57b) Importer(815301076,1909f56bfc062723c751e8b465ee728b)  -> (artifact id: 'e89bc7e3eb1a702ceab413f8bce4e0e9') in 0.037937 seconds 
========================================================================
Received Import Request.
  Time since last request: 0.000028 seconds.
  path: Assets/TooCubeForest/images/Forest_deco_fragileBlocks_128px_1.asset
  artifactKey: Guid(b816a29d6f6cbd947bb66fc5cd7b9ead) Importer(815301076,1909f56bfc062723c751e8b465ee728b)
Start importing Assets/TooCubeForest/images/Forest_deco_fragileBlocks_128px_1.asset using Guid(b816a29d6f6cbd947bb66fc5cd7b9ead) Importer(815301076,1909f56bfc062723c751e8b465ee728b)  -> (artifact id: '938df26e387808fc7b337e4c8be2a29e') in 0.011204 seconds 
========================================================================
Received Import Request.
  Time since last request: 0.000039 seconds.
  path: Assets/TooCubeForest/images/Forest_deco_covers(ice).png
  artifactKey: Guid(019355d90503eaf449da0b4765ccec4b) Importer(815301076,1909f56bfc062723c751e8b465ee728b)
Start importing Assets/TooCubeForest/images/Forest_deco_covers(ice).png using Guid(019355d90503eaf449da0b4765ccec4b) Importer(815301076,1909f56bfc062723c751e8b465ee728b)  -> (artifact id: '3146e1c8ecf4d54d753962611aa4c8bd') in 0.030821 seconds 
========================================================================
Received Import Request.
  Time since last request: 0.000019 seconds.
  path: Assets/TooCubeForest/images/Forest_deco_covers(spring)_1.asset
  artifactKey: Guid(3336f5dbe61be2a4d874dffc59ba0cd6) Importer(815301076,1909f56bfc062723c751e8b465ee728b)
Start importing Assets/TooCubeForest/images/Forest_deco_covers(spring)_1.asset using Guid(3336f5dbe61be2a4d874dffc59ba0cd6) Importer(815301076,1909f56bfc062723c751e8b465ee728b)  -> (artifact id: '9b75d72aee6e22b72466d8af11d7ab90') in 0.010856 seconds 
========================================================================
Received Import Request.
  Time since last request: 0.000021 seconds.
  path: Assets/TooCubeForest/images/Forest_deco_plants01_1.asset
  artifactKey: Guid(12cce5993afc107448f5e8bb1d6c1ea6) Importer(815301076,1909f56bfc062723c751e8b465ee728b)
Start importing Assets/TooCubeForest/images/Forest_deco_plants01_1.asset using Guid(12cce5993afc107448f5e8bb1d6c1ea6) Importer(815301076,1909f56bfc062723c751e8b465ee728b)  -> (artifact id: 'f5c7d5464ef5320a0aa6490cd43804c6') in 0.012576 seconds 
========================================================================
Received Import Request.
  Time since last request: 0.000016 seconds.
  path: Assets/TooCubeForest/images/Forest_deco_covers(snow)_0.asset
  artifactKey: Guid(89e8e7aebe680f14ab58f140356307ae) Importer(815301076,1909f56bfc062723c751e8b465ee728b)
Start importing Assets/TooCubeForest/images/Forest_deco_covers(snow)_0.asset using Guid(89e8e7aebe680f14ab58f140356307ae) Importer(815301076,1909f56bfc062723c751e8b465ee728b)  -> (artifact id: '2d87aa38be80359574124307ec039a18') in 0.010532 seconds 
========================================================================
Received Import Request.
  Time since last request: 0.000017 seconds.
  path: Assets/TooCubeForest/images/Forest_deco_leaves(winter)01_128px_3.asset
  artifactKey: Guid(4f67c6bfa0cf5ce43ad2c372d6b3aabb) Importer(815301076,1909f56bfc062723c751e8b465ee728b)
Start importing Assets/TooCubeForest/images/Forest_deco_leaves(winter)01_128px_3.asset using Guid(4f67c6bfa0cf5ce43ad2c372d6b3aabb) Importer(815301076,1909f56bfc062723c751e8b465ee728b)  -> (artifact id: 'c0854bf48fbddbfa70d1db454024e4a0') in 0.011622 seconds 
========================================================================
Received Prepare
Registering precompiled user dll's ...
Registered in 0.004912 seconds.
Begin MonoManager ReloadAssembly
Native extension for WindowsStandalone target not found
Native extension for WebGL target not found
Refreshing native plugins compatible for Editor in 0.66 ms, found 2 plugins.
Preloading 0 native plugins for Editor in 0.00 ms.
Mono: successfully reloaded assembly
- Completed reload, in  0.830 seconds
Domain Reload Profiling:
	ReloadAssembly (830ms)
		BeginReloadAssembly (106ms)
			ExecutionOrderSort (0ms)
			DisableScriptedObjects (4ms)
			BackupInstance (0ms)
			ReleaseScriptingObjects (0ms)
			CreateAndSetChildDomain (34ms)
		EndReloadAssembly (648ms)
			LoadAssemblies (65ms)
			RebuildTransferFunctionScriptingTraits (0ms)
			SetupTypeCache (213ms)
			ReleaseScriptCaches (1ms)
			RebuildScriptCaches (33ms)
			SetupLoadedEditorAssemblies (315ms)
				LogAssemblyErrors (0ms)
				InitializePlatformSupportModulesInManaged (10ms)
				SetLoadedEditorAssemblies (0ms)
				RefreshPlugins (1ms)
				BeforeProcessingInitializeOnLoad (55ms)
				ProcessInitializeOnLoadAttributes (175ms)
				ProcessInitializeOnLoadMethodAttributes (70ms)
				AfterProcessingInitializeOnLoad (3ms)
				EditorAssembliesLoaded (0ms)
			ExecutionOrderSort2 (0ms)
			AwakeInstancesAfterBackupRestoration (4ms)
Platform modules already initialized, skipping
Refreshing native plugins compatible for Editor in 1.51 ms, found 2 plugins.
Preloading 0 native plugins for Editor in 0.00 ms.
Unloading 3925 Unused Serialized files (Serialized files now loaded: 0)
Unloading 34 unused Assets / (0.7 MB). Loaded Objects now: 4473.
Memory consumption went from 171.6 MB to 170.8 MB.
Total: 2.632100 ms (FindLiveObjects: 0.214000 ms CreateObjectMapping: 0.119900 ms MarkObjects: 2.091100 ms  DeleteObjects: 0.206200 ms)

AssetImportParameters requested are different than current active one (requested -> active):
  custom:video-decoder-ogg-theora: a1e56fd34408186e4bbccfd4996cb3dc -> 
  custom:container-muxer-webm: aa71ff27fc2769a1b78a27578f13a17b -> 
  custom:container-demuxer-webm: 4f35f7cbe854078d1ac9338744f61a02 -> 
  custom:video-encoder-webm-vp8: eb34c28f22e8b96e1ab97ce403110664 -> 
  custom:audio-encoder-webm-vorbis: bf7c407c2cedff20999df2af8eb42d56 -> 
  custom:framework-win-MediaFoundation: 216162199b28c13a410421893ffa2e32 -> 
  custom:container-demuxer-ogg: 62fdf1f143b41e24485cea50d1cbac27 -> 
  custom:video-decoder-webm-vp8: 9c59270c3fd7afecdb556c50c9e8de78 -> 
  custom:audio-decoder-ogg-vorbis: bf7c407c2cedff20999df2af8eb42d56 -> 
========================================================================
Received Import Request.
  Time since last request: 3184.661865 seconds.
  path: Assets/TankConstructor/Images/Sources (PSD).psd
  artifactKey: Guid(e33938c5e1a0bc447870eb06408178c2) Importer(815301076,1909f56bfc062723c751e8b465ee728b)
Start importing Assets/TankConstructor/Images/Sources (PSD).psd using Guid(e33938c5e1a0bc447870eb06408178c2) Importer(815301076,1909f56bfc062723c751e8b465ee728b)  -> (artifact id: '0cde49be0d5bbc951971c1bfe171fc8d') in 0.053957 seconds 
========================================================================
Received Import Request.
  Time since last request: 2.689131 seconds.
  path: Assets/TankConstructor/Images/Tracks/TrackAFrame2.png
  artifactKey: Guid(eddd6dfee091cce4db8b78c86e8d427b) Importer(815301076,1909f56bfc062723c751e8b465ee728b)
Start importing Assets/TankConstructor/Images/Tracks/TrackAFrame2.png using Guid(eddd6dfee091cce4db8b78c86e8d427b) Importer(815301076,1909f56bfc062723c751e8b465ee728b)  -> (artifact id: '53f166b0bc3be9510baedc3ab54048c5') in 0.034893 seconds 
========================================================================
Received Import Request.
  Time since last request: 0.000031 seconds.
  path: Assets/TankConstructor/Images/Tracks/TrackBFrame1.png
  artifactKey: Guid(6e3675dd33e7b404b86496d5a7c4f3f9) Importer(815301076,1909f56bfc062723c751e8b465ee728b)
Start importing Assets/TankConstructor/Images/Tracks/TrackBFrame1.png using Guid(6e3675dd33e7b404b86496d5a7c4f3f9) Importer(815301076,1909f56bfc062723c751e8b465ee728b)  -> (artifact id: 'b2725bf86dfa277928ef18be063f7295') in 0.017927 seconds 
========================================================================
Received Import Request.
  Time since last request: 0.000023 seconds.
  path: Assets/TankConstructor/Images/Tracks/Track小Frame1.png
  artifactKey: Guid(eb1901a4dd1676441a505df73e03038a) Importer(815301076,1909f56bfc062723c751e8b465ee728b)
Start importing Assets/TankConstructor/Images/Tracks/Track小Frame1.png using Guid(eb1901a4dd1676441a505df73e03038a) Importer(815301076,1909f56bfc062723c751e8b465ee728b)  -> (artifact id: 'd6ca5630488e2d676facfd711ab84139') in 0.017353 seconds 
========================================================================
Received Import Request.
  Time since last request: 0.000025 seconds.
  path: Assets/TankConstructor/Images/Tracks/Track小Frame2.png
  artifactKey: Guid(4b4450efde3e6f346b6ad566845338f7) Importer(815301076,1909f56bfc062723c751e8b465ee728b)
Start importing Assets/TankConstructor/Images/Tracks/Track小Frame2.png using Guid(4b4450efde3e6f346b6ad566845338f7) Importer(815301076,1909f56bfc062723c751e8b465ee728b)  -> (artifact id: '0af28b902c4c2e33c28beaf3fafff119') in 0.015977 seconds 
========================================================================
Received Import Request.
  Time since last request: 3.708579 seconds.
  path: Assets/TankConstructor/Images/Platforms/PlatformC.png
  artifactKey: Guid(86d685eee34509a4580b0a78fee15065) Importer(815301076,1909f56bfc062723c751e8b465ee728b)
Start importing Assets/TankConstructor/Images/Platforms/PlatformC.png using Guid(86d685eee34509a4580b0a78fee15065) Importer(815301076,1909f56bfc062723c751e8b465ee728b)  -> (artifact id: '09cc802efe509ab09a692d6acababc8d') in 0.017402 seconds 
========================================================================
Received Import Request.
  Time since last request: 10.320851 seconds.
  path: Assets/TankConstructor/Images/MapTiles/C.png
  artifactKey: Guid(d795e25ed3b6432418b86f0f86a3bdfc) Importer(815301076,1909f56bfc062723c751e8b465ee728b)
Start importing Assets/TankConstructor/Images/MapTiles/C.png using Guid(d795e25ed3b6432418b86f0f86a3bdfc) Importer(815301076,1909f56bfc062723c751e8b465ee728b)  -> (artifact id: 'dc98761e0b83f5612ab2147b4eeeda8f') in 0.036878 seconds 
========================================================================
Received Import Request.
  Time since last request: 0.000032 seconds.
  path: Assets/TankConstructor/Images/MapTiles/D.png
  artifactKey: Guid(0a1ea645350607648b80c5b0dd09ce86) Importer(815301076,1909f56bfc062723c751e8b465ee728b)
Start importing Assets/TankConstructor/Images/MapTiles/D.png using Guid(0a1ea645350607648b80c5b0dd09ce86) Importer(815301076,1909f56bfc062723c751e8b465ee728b)  -> (artifact id: 'd5e62c0f313578fd0a9da8fd5f45b411') in 0.051903 seconds 
========================================================================
Received Import Request.
  Time since last request: 0.000033 seconds.
  path: Assets/TankConstructor/Images/MapTiles/K.png
  artifactKey: Guid(a919e84fba0aff2429f7355a7cfb217e) Importer(815301076,1909f56bfc062723c751e8b465ee728b)
Start importing Assets/TankConstructor/Images/MapTiles/K.png using Guid(a919e84fba0aff2429f7355a7cfb217e) Importer(815301076,1909f56bfc062723c751e8b465ee728b)  -> (artifact id: 'a1dfac0e63e2c1fa494614bc36725ec7') in 0.041552 seconds 
========================================================================
Received Import Request.
  Time since last request: 10.847374 seconds.
  path: Assets/TankConstructor/Images/Guns/HeavyGunC.png
  artifactKey: Guid(158d5ec7b74dbff49a6fd04c12225a6e) Importer(815301076,1909f56bfc062723c751e8b465ee728b)
Start importing Assets/TankConstructor/Images/Guns/HeavyGunC.png using Guid(158d5ec7b74dbff49a6fd04c12225a6e) Importer(815301076,1909f56bfc062723c751e8b465ee728b)  -> (artifact id: '0f943aa5fea1ff13e43e5aa98c65de93') in 0.029440 seconds 
========================================================================
Received Import Request.
  Time since last request: 0.000023 seconds.
  path: Assets/TankConstructor/Images/Guns/MediumGunD.png
  artifactKey: Guid(2dfe14f55ce28ed48aae82d39882325f) Importer(815301076,1909f56bfc062723c751e8b465ee728b)
Start importing Assets/TankConstructor/Images/Guns/MediumGunD.png using Guid(2dfe14f55ce28ed48aae82d39882325f) Importer(815301076,1909f56bfc062723c751e8b465ee728b)  -> (artifact id: '2a9d1db1acb2b26bb368d5e493985a23') in 0.021074 seconds 
========================================================================
Received Import Request.
  Time since last request: 0.000019 seconds.
  path: Assets/TankConstructor/Images/Guns/HeavyGunG.png
  artifactKey: Guid(4eeb73b17158c514eab3ed2d5244d873) Importer(815301076,1909f56bfc062723c751e8b465ee728b)
Start importing Assets/TankConstructor/Images/Guns/HeavyGunG.png using Guid(4eeb73b17158c514eab3ed2d5244d873) Importer(815301076,1909f56bfc062723c751e8b465ee728b)  -> (artifact id: 'd06e4aa3735caadf80fb56ddfc77203f') in 0.023567 seconds 
========================================================================
Received Import Request.
  Time since last request: 0.000025 seconds.
  path: Assets/TankConstructor/Images/Guns/HeavyGunE.png
  artifactKey: Guid(07366037b42af934a87663a619a0cb59) Importer(815301076,1909f56bfc062723c751e8b465ee728b)
Start importing Assets/TankConstructor/Images/Guns/HeavyGunE.png using Guid(07366037b42af934a87663a619a0cb59) Importer(815301076,1909f56bfc062723c751e8b465ee728b)  -> (artifact id: '51adf8783e3e3a0287a94c16558bc303') in 0.022328 seconds 
========================================================================
Received Import Request.
  Time since last request: 0.000068 seconds.
  path: Assets/TankConstructor/Images/Guns/SmallGunC.png
  artifactKey: Guid(c6e5d078bcdd07746ace23393ca0db59) Importer(815301076,1909f56bfc062723c751e8b465ee728b)
Start importing Assets/TankConstructor/Images/Guns/SmallGunC.png using Guid(c6e5d078bcdd07746ace23393ca0db59) Importer(815301076,1909f56bfc062723c751e8b465ee728b)  -> (artifact id: 'b315fda4b5c20a75a9dd6b762047c9db') in 0.028063 seconds 
========================================================================
Received Import Request.
  Time since last request: 0.000030 seconds.
  path: Assets/TankConstructor/Images/Guns/HeavyGunD.png
  artifactKey: Guid(f30d740594c0d1842a4db8bfd3afc4f5) Importer(815301076,1909f56bfc062723c751e8b465ee728b)
Start importing Assets/TankConstructor/Images/Guns/HeavyGunD.png using Guid(f30d740594c0d1842a4db8bfd3afc4f5) Importer(815301076,1909f56bfc062723c751e8b465ee728b)  -> (artifact id: 'cd5ad87e930d664e44bfcf05faf63a5a') in 0.019774 seconds 
========================================================================
Received Import Request.
  Time since last request: 7.815808 seconds.
  path: Assets/TankConstructor/Images/GunConnectors/GunConnectorC.png
  artifactKey: Guid(7f2347a43a312f34196dd2688bcb4f66) Importer(815301076,1909f56bfc062723c751e8b465ee728b)
Start importing Assets/TankConstructor/Images/GunConnectors/GunConnectorC.png using Guid(7f2347a43a312f34196dd2688bcb4f66) Importer(815301076,1909f56bfc062723c751e8b465ee728b)  -> (artifact id: '222321e64ff40c4d4c870f4765b90f10') in 0.015463 seconds 
========================================================================
Received Import Request.
  Time since last request: 0.000021 seconds.
  path: Assets/TankConstructor/Images/GunConnectors/GunConnectorF.png
  artifactKey: Guid(43863ac6cf4a4634b9d02375d97d18b4) Importer(815301076,1909f56bfc062723c751e8b465ee728b)
Start importing Assets/TankConstructor/Images/GunConnectors/GunConnectorF.png using Guid(43863ac6cf4a4634b9d02375d97d18b4) Importer(815301076,1909f56bfc062723c751e8b465ee728b)  -> (artifact id: '123c57fd983acf16bd7612d4212a4314') in 0.016281 seconds 
========================================================================
Received Import Request.
  Time since last request: 7.482210 seconds.
  path: Assets/TankConstructor/Images/Projectiles/Laser.png
  artifactKey: Guid(84c072e35cd20eb408657d2a228bb6b1) Importer(815301076,1909f56bfc062723c751e8b465ee728b)
Start importing Assets/TankConstructor/Images/Projectiles/Laser.png using Guid(84c072e35cd20eb408657d2a228bb6b1) Importer(815301076,1909f56bfc062723c751e8b465ee728b)  -> (artifact id: '7a8be844442e2af5f42e54c936a38187') in 0.024410 seconds 
========================================================================
Received Import Request.
  Time since last request: 0.000022 seconds.
  path: Assets/TankConstructor/Images/Projectiles/RoundMine.png
  artifactKey: Guid(46a1119687b376743b1f19f928aca8ba) Importer(815301076,1909f56bfc062723c751e8b465ee728b)
Start importing Assets/TankConstructor/Images/Projectiles/RoundMine.png using Guid(46a1119687b376743b1f19f928aca8ba) Importer(815301076,1909f56bfc062723c751e8b465ee728b)  -> (artifact id: '4ddb5e2367882e0d80f9eb37d39997fc') in 0.036542 seconds 
Editor requested this worker to shutdown with reason: Scaling down because of idle timeout
AssetImportWorker is now disconnected from the server
Process exiting
Exiting without the bug reporter. Application will terminate with return code 0