Using pre-set license
Built from '2021.3/staging' branch; Version is '2021.3.6f1 (7da38d85baf6) revision 8233869'; Using compiler version '192829333'; Build Type 'Release'
OS: 'Windows 10  (10.0.19044) 64bit Professional' Language: 'en' Physical Memory: 16280 MB
BatchMode: 1, IsHumanControllingUs: 0, StartBugReporterOnCrash: 0, Is64bit: 1, IsPro: 1

COMMAND LINE ARGUMENTS:
C:\Program Files\Unity\Hub\Editor\2021.3.6f1\Editor\Unity.exe
-adb2
-batchMode
-noUpm
-name
AssetImportWorker4
-projectPath
F:/Git/Interntank
-logFile
Logs/AssetImportWorker4.log
-srvPort
54420
Successfully changed project path to: F:/Git/Interntank
F:/Git/Interntank
[UnityMemory] Configuration Parameters - Can be set up in boot.config
    "memorysetup-bucket-allocator-granularity=16"
    "memorysetup-bucket-allocator-bucket-count=8"
    "memorysetup-bucket-allocator-block-size=33554432"
    "memorysetup-bucket-allocator-block-count=8"
    "memorysetup-main-allocator-block-size=16777216"
    "memorysetup-thread-allocator-block-size=16777216"
    "memorysetup-gfx-main-allocator-block-size=16777216"
    "memorysetup-gfx-thread-allocator-block-size=16777216"
    "memorysetup-cache-allocator-block-size=4194304"
    "memorysetup-typetree-allocator-block-size=2097152"
    "memorysetup-profiler-bucket-allocator-granularity=16"
    "memorysetup-profiler-bucket-allocator-bucket-count=8"
    "memorysetup-profiler-bucket-allocator-block-size=33554432"
    "memorysetup-profiler-bucket-allocator-block-count=8"
    "memorysetup-profiler-allocator-block-size=16777216"
    "memorysetup-profiler-editor-allocator-block-size=1048576"
    "memorysetup-temp-allocator-size-main=16777216"
    "memorysetup-job-temp-allocator-block-size=2097152"
    "memorysetup-job-temp-allocator-block-size-background=1048576"
    "memorysetup-job-temp-allocator-reduction-small-platforms=262144"
    "memorysetup-temp-allocator-size-background-worker=32768"
    "memorysetup-temp-allocator-size-job-worker=262144"
    "memorysetup-temp-allocator-size-preload-manager=33554432"
    "memorysetup-temp-allocator-size-nav-mesh-worker=65536"
    "memorysetup-temp-allocator-size-audio-worker=65536"
    "memorysetup-temp-allocator-size-cloud-worker=32768"
    "memorysetup-temp-allocator-size-gi-baking-worker=262144"
    "memorysetup-temp-allocator-size-gfx=262144"
Refreshing native plugins compatible for Editor in 142.90 ms, found 3 plugins.
Preloading 0 native plugins for Editor in 0.00 ms.
Initialize engine version: 2021.3.6f1 (7da38d85baf6)
[Subsystems] Discovering subsystems at path C:/Program Files/Unity/Hub/Editor/2021.3.6f1/Editor/Data/Resources/UnitySubsystems
[Subsystems] Discovering subsystems at path F:/Git/Interntank/Assets
GfxDevice: creating device client; threaded=0; jobified=0
Direct3D:
    Version:  Direct3D 11.0 [level 11.1]
    Renderer: NVIDIA GeForce GTX 1050 Ti (ID=0x1c82)
    Vendor:   NVIDIA
    VRAM:     4018 MB
    Driver:   30.0.15.1179
Initialize mono
Mono path[0] = 'C:/Program Files/Unity/Hub/Editor/2021.3.6f1/Editor/Data/Managed'
Mono path[1] = 'C:/Program Files/Unity/Hub/Editor/2021.3.6f1/Editor/Data/MonoBleedingEdge/lib/mono/unityjit-win32'
Mono config path = 'C:/Program Files/Unity/Hub/Editor/2021.3.6f1/Editor/Data/MonoBleedingEdge/etc'
Using monoOptions --debugger-agent=transport=dt_socket,embedding=1,server=y,suspend=n,address=127.0.0.1:56640
Begin MonoManager ReloadAssembly
Registering precompiled unity dll's ...
Register platform support module: C:/Program Files/Unity/Hub/Editor/2021.3.6f1/Editor/Data/PlaybackEngines/WindowsStandaloneSupport/UnityEditor.WindowsStandalone.Extensions.dll
Registered in 0.008551 seconds.
Native extension for WindowsStandalone target not found
Refreshing native plugins compatible for Editor in 124.96 ms, found 3 plugins.
Preloading 0 native plugins for Editor in 0.00 ms.
Mono: successfully reloaded assembly
- Completed reload, in  0.668 seconds
Domain Reload Profiling:
	ReloadAssembly (669ms)
		BeginReloadAssembly (78ms)
			ExecutionOrderSort (0ms)
			DisableScriptedObjects (0ms)
			BackupInstance (0ms)
			ReleaseScriptingObjects (0ms)
			CreateAndSetChildDomain (1ms)
		EndReloadAssembly (478ms)
			LoadAssemblies (75ms)
			RebuildTransferFunctionScriptingTraits (0ms)
			SetupTypeCache (101ms)
			ReleaseScriptCaches (0ms)
			RebuildScriptCaches (25ms)
			SetupLoadedEditorAssemblies (301ms)
				LogAssemblyErrors (0ms)
				InitializePlatformSupportModulesInManaged (8ms)
				SetLoadedEditorAssemblies (0ms)
				RefreshPlugins (125ms)
				BeforeProcessingInitializeOnLoad (1ms)
				ProcessInitializeOnLoadAttributes (122ms)
				ProcessInitializeOnLoadMethodAttributes (45ms)
				AfterProcessingInitializeOnLoad (0ms)
				EditorAssembliesLoaded (0ms)
			ExecutionOrderSort2 (0ms)
			AwakeInstancesAfterBackupRestoration (0ms)
Platform modules already initialized, skipping
Registering precompiled user dll's ...
Registered in 0.011674 seconds.
Begin MonoManager ReloadAssembly
Symbol file LoadedFromMemory doesn't match image F:\Git\Interntank\Library\PackageCache\com.unity.visualscripting@1.7.8\Editor\VisualScripting.Core\Dependencies\YamlDotNet\Unity.VisualScripting.YamlDotNet.dll
Symbol file LoadedFromMemory doesn't match image F:\Git\Interntank\Library\PackageCache\com.unity.visualscripting@1.7.8\Editor\VisualScripting.Core\Dependencies\DotNetZip\Unity.VisualScripting.IonicZip.dll
Native extension for WindowsStandalone target not found
Refreshing native plugins compatible for Editor in 125.12 ms, found 3 plugins.
Preloading 0 native plugins for Editor in 0.00 ms.
Mono: successfully reloaded assembly
- Completed reload, in  1.467 seconds
Domain Reload Profiling:
	ReloadAssembly (1467ms)
		BeginReloadAssembly (113ms)
			ExecutionOrderSort (0ms)
			DisableScriptedObjects (6ms)
			BackupInstance (0ms)
			ReleaseScriptingObjects (0ms)
			CreateAndSetChildDomain (18ms)
		EndReloadAssembly (1235ms)
			LoadAssemblies (114ms)
			RebuildTransferFunctionScriptingTraits (0ms)
			SetupTypeCache (334ms)
			ReleaseScriptCaches (1ms)
			RebuildScriptCaches (68ms)
			SetupLoadedEditorAssemblies (683ms)
				LogAssemblyErrors (0ms)
				InitializePlatformSupportModulesInManaged (5ms)
				SetLoadedEditorAssemblies (0ms)
				RefreshPlugins (125ms)
				BeforeProcessingInitializeOnLoad (141ms)
				ProcessInitializeOnLoadAttributes (292ms)
				ProcessInitializeOnLoadMethodAttributes (109ms)
				AfterProcessingInitializeOnLoad (11ms)
				EditorAssembliesLoaded (0ms)
			ExecutionOrderSort2 (0ms)
			AwakeInstancesAfterBackupRestoration (7ms)
Platform modules already initialized, skipping
========================================================================
Worker process is ready to serve import requests
Launched and connected shader compiler UnityShaderCompiler.exe after 0.05 seconds
Refreshing native plugins compatible for Editor in 1.68 ms, found 3 plugins.
Preloading 0 native plugins for Editor in 0.00 ms.
Unloading 6060 Unused Serialized files (Serialized files now loaded: 0)
Unloading 59 unused Assets / (0.8 MB). Loaded Objects now: 6507.
Memory consumption went from 231.5 MB to 230.8 MB.
Total: 4.291200 ms (FindLiveObjects: 0.446400 ms CreateObjectMapping: 0.391500 ms MarkObjects: 3.136800 ms  DeleteObjects: 0.315400 ms)

AssetImportParameters requested are different than current active one (requested -> active):
  custom:video-decoder-ogg-theora: a1e56fd34408186e4bbccfd4996cb3dc -> 
  custom:container-muxer-webm: aa71ff27fc2769a1b78a27578f13a17b -> 
  custom:container-demuxer-webm: 4f35f7cbe854078d1ac9338744f61a02 -> 
  custom:video-encoder-webm-vp8: eb34c28f22e8b96e1ab97ce403110664 -> 
  custom:audio-encoder-webm-vorbis: bf7c407c2cedff20999df2af8eb42d56 -> 
  custom:framework-win-MediaFoundation: 216162199b28c13a410421893ffa2e32 -> 
  custom:container-demuxer-ogg: 62fdf1f143b41e24485cea50d1cbac27 -> 
  custom:video-decoder-webm-vp8: 9c59270c3fd7afecdb556c50c9e8de78 -> 
  custom:audio-decoder-ogg-vorbis: bf7c407c2cedff20999df2af8eb42d56 -> 
========================================================================
Received Import Request.
  Time since last request: 13787.258318 seconds.
  path: Assets/Prefab/Enemy2.prefab
  artifactKey: Guid(56ccff12d8255704e9b9d47c6bb010fe) Importer(815301076,1909f56bfc062723c751e8b465ee728b)
Start importing Assets/Prefab/Enemy2.prefab using Guid(56ccff12d8255704e9b9d47c6bb010fe) Importer(815301076,1909f56bfc062723c751e8b465ee728b) Tried select unknown importer for id '-2' '00000000000000000000000000000000'
 -> (artifact id: 'bafd31960bd5005f1f4724e0a75efdd5') in 0.265812 seconds 
========================================================================
Received Import Request.
  Time since last request: 398.238458 seconds.
  path: Assets/TankScenes/Menu.unity
  artifactKey: Guid(8a27cf059db8a574f899439ee0f93509) Importer(815301076,1909f56bfc062723c751e8b465ee728b)
Start importing Assets/TankScenes/Menu.unity using Guid(8a27cf059db8a574f899439ee0f93509) Importer(815301076,1909f56bfc062723c751e8b465ee728b)  -> (artifact id: 'ab8fe2f375984eda6d0e6edaf2490027') in 0.001707 seconds 
========================================================================
Received Prepare
Registering precompiled user dll's ...
Registered in 0.012045 seconds.
Begin MonoManager ReloadAssembly
Symbol file LoadedFromMemory doesn't match image F:\Git\Interntank\Library\PackageCache\com.unity.visualscripting@1.7.8\Editor\VisualScripting.Core\Dependencies\YamlDotNet\Unity.VisualScripting.YamlDotNet.dll
Symbol file LoadedFromMemory doesn't match image F:\Git\Interntank\Library\PackageCache\com.unity.visualscripting@1.7.8\Editor\VisualScripting.Core\Dependencies\DotNetZip\Unity.VisualScripting.IonicZip.dll
Native extension for WindowsStandalone target not found
Refreshing native plugins compatible for Editor in 1.49 ms, found 3 plugins.
Preloading 0 native plugins for Editor in 0.00 ms.
Mono: successfully reloaded assembly
- Completed reload, in  1.502 seconds
Domain Reload Profiling:
	ReloadAssembly (1503ms)
		BeginReloadAssembly (181ms)
			ExecutionOrderSort (0ms)
			DisableScriptedObjects (10ms)
			BackupInstance (0ms)
			ReleaseScriptingObjects (0ms)
			CreateAndSetChildDomain (57ms)
		EndReloadAssembly (1202ms)
			LoadAssemblies (132ms)
			RebuildTransferFunctionScriptingTraits (0ms)
			SetupTypeCache (382ms)
			ReleaseScriptCaches (2ms)
			RebuildScriptCaches (60ms)
			SetupLoadedEditorAssemblies (545ms)
				LogAssemblyErrors (0ms)
				InitializePlatformSupportModulesInManaged (13ms)
				SetLoadedEditorAssemblies (1ms)
				RefreshPlugins (2ms)
				BeforeProcessingInitializeOnLoad (112ms)
				ProcessInitializeOnLoadAttributes (296ms)
				ProcessInitializeOnLoadMethodAttributes (111ms)
				AfterProcessingInitializeOnLoad (12ms)
				EditorAssembliesLoaded (0ms)
			ExecutionOrderSort2 (0ms)
			AwakeInstancesAfterBackupRestoration (14ms)
Platform modules already initialized, skipping
Refreshing native plugins compatible for Editor in 4.61 ms, found 3 plugins.
Preloading 0 native plugins for Editor in 0.00 ms.
Unloading 5930 Unused Serialized files (Serialized files now loaded: 0)
Unloading 36 unused Assets / (0.7 MB). Loaded Objects now: 6580.
Memory consumption went from 228.7 MB to 228.0 MB.
Total: 4.275000 ms (FindLiveObjects: 0.470700 ms CreateObjectMapping: 0.561100 ms MarkObjects: 2.965500 ms  DeleteObjects: 0.276600 ms)

AssetImportParameters requested are different than current active one (requested -> active):
  custom:video-decoder-ogg-theora: a1e56fd34408186e4bbccfd4996cb3dc -> 
  custom:container-muxer-webm: aa71ff27fc2769a1b78a27578f13a17b -> 
  custom:container-demuxer-webm: 4f35f7cbe854078d1ac9338744f61a02 -> 
  custom:video-encoder-webm-vp8: eb34c28f22e8b96e1ab97ce403110664 -> 
  custom:audio-encoder-webm-vorbis: bf7c407c2cedff20999df2af8eb42d56 -> 
  custom:framework-win-MediaFoundation: 216162199b28c13a410421893ffa2e32 -> 
  custom:container-demuxer-ogg: 62fdf1f143b41e24485cea50d1cbac27 -> 
  custom:video-decoder-webm-vp8: 9c59270c3fd7afecdb556c50c9e8de78 -> 
  custom:audio-decoder-ogg-vorbis: bf7c407c2cedff20999df2af8eb42d56 -> 
========================================================================
Received Import Request.
  Time since last request: 134.758198 seconds.
  path: Assets/TankScenes/stage2.unity
  artifactKey: Guid(e38b01d0cc35b7642bca2e2dfd37b902) Importer(815301076,1909f56bfc062723c751e8b465ee728b)
Start importing Assets/TankScenes/stage2.unity using Guid(e38b01d0cc35b7642bca2e2dfd37b902) Importer(815301076,1909f56bfc062723c751e8b465ee728b)  -> (artifact id: '4ec249d57039bf3d778ef7f65cfe70e1') in 0.011437 seconds 
========================================================================
Received Import Request.
  Time since last request: 1.289954 seconds.
  path: Assets/TankScenes/stage1.unity
  artifactKey: Guid(03927dbb938a4ce4292d17ea8e77a0b8) Importer(815301076,1909f56bfc062723c751e8b465ee728b)
Start importing Assets/TankScenes/stage1.unity using Guid(03927dbb938a4ce4292d17ea8e77a0b8) Importer(815301076,1909f56bfc062723c751e8b465ee728b)  -> (artifact id: 'f646c2a35026813c25ba7ef2c944360f') in 0.001443 seconds 
========================================================================
Received Import Request.
  Time since last request: 63.657218 seconds.
  path: Assets/TankScenes/stageEnless.unity
  artifactKey: Guid(b709b2cd38ca0194c84230ab18367f42) Importer(815301076,1909f56bfc062723c751e8b465ee728b)
Start importing Assets/TankScenes/stageEnless.unity using Guid(b709b2cd38ca0194c84230ab18367f42) Importer(815301076,1909f56bfc062723c751e8b465ee728b)  -> (artifact id: 'f7a9f91500678c95f6f06d0632d0d1dd') in 0.001574 seconds 
========================================================================
Received Prepare
Registering precompiled user dll's ...
Registered in 0.012308 seconds.
Begin MonoManager ReloadAssembly
Symbol file LoadedFromMemory doesn't match image F:\Git\Interntank\Library\PackageCache\com.unity.visualscripting@1.7.8\Editor\VisualScripting.Core\Dependencies\YamlDotNet\Unity.VisualScripting.YamlDotNet.dll
Symbol file LoadedFromMemory doesn't match image F:\Git\Interntank\Library\PackageCache\com.unity.visualscripting@1.7.8\Editor\VisualScripting.Core\Dependencies\DotNetZip\Unity.VisualScripting.IonicZip.dll
Native extension for WindowsStandalone target not found
Refreshing native plugins compatible for Editor in 1.12 ms, found 3 plugins.
Preloading 0 native plugins for Editor in 0.00 ms.
Mono: successfully reloaded assembly
- Completed reload, in  1.375 seconds
Domain Reload Profiling:
	ReloadAssembly (1376ms)
		BeginReloadAssembly (159ms)
			ExecutionOrderSort (0ms)
			DisableScriptedObjects (8ms)
			BackupInstance (0ms)
			ReleaseScriptingObjects (0ms)
			CreateAndSetChildDomain (46ms)
		EndReloadAssembly (1102ms)
			LoadAssemblies (128ms)
			RebuildTransferFunctionScriptingTraits (0ms)
			SetupTypeCache (351ms)
			ReleaseScriptCaches (2ms)
			RebuildScriptCaches (53ms)
			SetupLoadedEditorAssemblies (501ms)
				LogAssemblyErrors (0ms)
				InitializePlatformSupportModulesInManaged (13ms)
				SetLoadedEditorAssemblies (0ms)
				RefreshPlugins (1ms)
				BeforeProcessingInitializeOnLoad (108ms)
				ProcessInitializeOnLoadAttributes (261ms)
				ProcessInitializeOnLoadMethodAttributes (106ms)
				AfterProcessingInitializeOnLoad (11ms)
				EditorAssembliesLoaded (0ms)
			ExecutionOrderSort2 (0ms)
			AwakeInstancesAfterBackupRestoration (12ms)
Platform modules already initialized, skipping
Refreshing native plugins compatible for Editor in 3.63 ms, found 3 plugins.
Preloading 0 native plugins for Editor in 0.00 ms.
Unloading 5931 Unused Serialized files (Serialized files now loaded: 0)
Unloading 36 unused Assets / (0.7 MB). Loaded Objects now: 6595.
Memory consumption went from 228.8 MB to 228.1 MB.
Total: 4.022300 ms (FindLiveObjects: 0.406900 ms CreateObjectMapping: 0.536300 ms MarkObjects: 2.661600 ms  DeleteObjects: 0.416900 ms)

AssetImportParameters requested are different than current active one (requested -> active):
  custom:video-decoder-ogg-theora: a1e56fd34408186e4bbccfd4996cb3dc -> 
  custom:container-muxer-webm: aa71ff27fc2769a1b78a27578f13a17b -> 
  custom:container-demuxer-webm: 4f35f7cbe854078d1ac9338744f61a02 -> 
  custom:video-encoder-webm-vp8: eb34c28f22e8b96e1ab97ce403110664 -> 
  custom:audio-encoder-webm-vorbis: bf7c407c2cedff20999df2af8eb42d56 -> 
  custom:framework-win-MediaFoundation: 216162199b28c13a410421893ffa2e32 -> 
  custom:container-demuxer-ogg: 62fdf1f143b41e24485cea50d1cbac27 -> 
  custom:video-decoder-webm-vp8: 9c59270c3fd7afecdb556c50c9e8de78 -> 
  custom:audio-decoder-ogg-vorbis: bf7c407c2cedff20999df2af8eb42d56 -> 
========================================================================
Received Prepare
Registering precompiled user dll's ...
Registered in 0.012597 seconds.
Begin MonoManager ReloadAssembly
Symbol file LoadedFromMemory doesn't match image F:\Git\Interntank\Library\PackageCache\com.unity.visualscripting@1.7.8\Editor\VisualScripting.Core\Dependencies\YamlDotNet\Unity.VisualScripting.YamlDotNet.dll
Symbol file LoadedFromMemory doesn't match image F:\Git\Interntank\Library\PackageCache\com.unity.visualscripting@1.7.8\Editor\VisualScripting.Core\Dependencies\DotNetZip\Unity.VisualScripting.IonicZip.dll
Native extension for WindowsStandalone target not found
Refreshing native plugins compatible for Editor in 1.00 ms, found 3 plugins.
Preloading 0 native plugins for Editor in 0.00 ms.
Mono: successfully reloaded assembly
- Completed reload, in  1.516 seconds
Domain Reload Profiling:
	ReloadAssembly (1517ms)
		BeginReloadAssembly (166ms)
			ExecutionOrderSort (0ms)
			DisableScriptedObjects (6ms)
			BackupInstance (0ms)
			ReleaseScriptingObjects (0ms)
			CreateAndSetChildDomain (48ms)
		EndReloadAssembly (1209ms)
			LoadAssemblies (144ms)
			RebuildTransferFunctionScriptingTraits (0ms)
			SetupTypeCache (371ms)
			ReleaseScriptCaches (2ms)
			RebuildScriptCaches (63ms)
			SetupLoadedEditorAssemblies (556ms)
				LogAssemblyErrors (0ms)
				InitializePlatformSupportModulesInManaged (15ms)
				SetLoadedEditorAssemblies (0ms)
				RefreshPlugins (1ms)
				BeforeProcessingInitializeOnLoad (111ms)
				ProcessInitializeOnLoadAttributes (303ms)
				ProcessInitializeOnLoadMethodAttributes (113ms)
				AfterProcessingInitializeOnLoad (12ms)
				EditorAssembliesLoaded (0ms)
			ExecutionOrderSort2 (0ms)
			AwakeInstancesAfterBackupRestoration (14ms)
Platform modules already initialized, skipping
Refreshing native plugins compatible for Editor in 3.00 ms, found 3 plugins.
Preloading 0 native plugins for Editor in 0.00 ms.
Unloading 5931 Unused Serialized files (Serialized files now loaded: 0)
Unloading 36 unused Assets / (0.7 MB). Loaded Objects now: 6610.
Memory consumption went from 228.9 MB to 228.1 MB.
Total: 4.029900 ms (FindLiveObjects: 0.483900 ms CreateObjectMapping: 0.402900 ms MarkObjects: 2.842600 ms  DeleteObjects: 0.299600 ms)

AssetImportParameters requested are different than current active one (requested -> active):
  custom:video-decoder-ogg-theora: a1e56fd34408186e4bbccfd4996cb3dc -> 
  custom:container-muxer-webm: aa71ff27fc2769a1b78a27578f13a17b -> 
  custom:container-demuxer-webm: 4f35f7cbe854078d1ac9338744f61a02 -> 
  custom:video-encoder-webm-vp8: eb34c28f22e8b96e1ab97ce403110664 -> 
  custom:audio-encoder-webm-vorbis: bf7c407c2cedff20999df2af8eb42d56 -> 
  custom:framework-win-MediaFoundation: 216162199b28c13a410421893ffa2e32 -> 
  custom:container-demuxer-ogg: 62fdf1f143b41e24485cea50d1cbac27 -> 
  custom:video-decoder-webm-vp8: 9c59270c3fd7afecdb556c50c9e8de78 -> 
  custom:audio-decoder-ogg-vorbis: bf7c407c2cedff20999df2af8eb42d56 -> 
========================================================================
Received Prepare
Registering precompiled user dll's ...
Registered in 0.011520 seconds.
Begin MonoManager ReloadAssembly
Symbol file LoadedFromMemory doesn't match image F:\Git\Interntank\Library\PackageCache\com.unity.visualscripting@1.7.8\Editor\VisualScripting.Core\Dependencies\YamlDotNet\Unity.VisualScripting.YamlDotNet.dll
Symbol file LoadedFromMemory doesn't match image F:\Git\Interntank\Library\PackageCache\com.unity.visualscripting@1.7.8\Editor\VisualScripting.Core\Dependencies\DotNetZip\Unity.VisualScripting.IonicZip.dll
Native extension for WindowsStandalone target not found
Refreshing native plugins compatible for Editor in 1.76 ms, found 3 plugins.
Preloading 0 native plugins for Editor in 0.00 ms.
Mono: successfully reloaded assembly
- Completed reload, in  1.541 seconds
Domain Reload Profiling:
	ReloadAssembly (1542ms)
		BeginReloadAssembly (175ms)
			ExecutionOrderSort (0ms)
			DisableScriptedObjects (6ms)
			BackupInstance (0ms)
			ReleaseScriptingObjects (0ms)
			CreateAndSetChildDomain (51ms)
		EndReloadAssembly (1239ms)
			LoadAssemblies (142ms)
			RebuildTransferFunctionScriptingTraits (0ms)
			SetupTypeCache (376ms)
			ReleaseScriptCaches (2ms)
			RebuildScriptCaches (71ms)
			SetupLoadedEditorAssemblies (565ms)
				LogAssemblyErrors (0ms)
				InitializePlatformSupportModulesInManaged (15ms)
				SetLoadedEditorAssemblies (1ms)
				RefreshPlugins (2ms)
				BeforeProcessingInitializeOnLoad (121ms)
				ProcessInitializeOnLoadAttributes (293ms)
				ProcessInitializeOnLoadMethodAttributes (118ms)
				AfterProcessingInitializeOnLoad (14ms)
				EditorAssembliesLoaded (0ms)
			ExecutionOrderSort2 (0ms)
			AwakeInstancesAfterBackupRestoration (14ms)
Platform modules already initialized, skipping
Refreshing native plugins compatible for Editor in 4.38 ms, found 3 plugins.
Preloading 0 native plugins for Editor in 0.00 ms.
Unloading 5931 Unused Serialized files (Serialized files now loaded: 0)
Unloading 36 unused Assets / (0.7 MB). Loaded Objects now: 6625.
Memory consumption went from 228.9 MB to 228.2 MB.
Total: 3.999000 ms (FindLiveObjects: 0.529800 ms CreateObjectMapping: 0.404500 ms MarkObjects: 2.777500 ms  DeleteObjects: 0.285900 ms)

AssetImportParameters requested are different than current active one (requested -> active):
  custom:video-decoder-ogg-theora: a1e56fd34408186e4bbccfd4996cb3dc -> 
  custom:container-muxer-webm: aa71ff27fc2769a1b78a27578f13a17b -> 
  custom:container-demuxer-webm: 4f35f7cbe854078d1ac9338744f61a02 -> 
  custom:video-encoder-webm-vp8: eb34c28f22e8b96e1ab97ce403110664 -> 
  custom:audio-encoder-webm-vorbis: bf7c407c2cedff20999df2af8eb42d56 -> 
  custom:framework-win-MediaFoundation: 216162199b28c13a410421893ffa2e32 -> 
  custom:container-demuxer-ogg: 62fdf1f143b41e24485cea50d1cbac27 -> 
  custom:video-decoder-webm-vp8: 9c59270c3fd7afecdb556c50c9e8de78 -> 
  custom:audio-decoder-ogg-vorbis: bf7c407c2cedff20999df2af8eb42d56 -> 
========================================================================
Received Import Request.
  Time since last request: 504.548728 seconds.
  path: Assets
  artifactKey: Guid(00000000000000001000000000000000) Importer(815301076,1909f56bfc062723c751e8b465ee728b)
Start importing Assets using Guid(00000000000000001000000000000000) Importer(815301076,1909f56bfc062723c751e8b465ee728b)  -> (artifact id: '79842766b460edbeab6a34051e857a80') in 0.010952 seconds 
========================================================================
Received Import Request.
  Time since last request: 5.781485 seconds.
  path: Assets/Sound
  artifactKey: Guid(d24e11cd51159ce45bf9733e708f6e9b) Importer(815301076,1909f56bfc062723c751e8b465ee728b)
Start importing Assets/Sound using Guid(d24e11cd51159ce45bf9733e708f6e9b) Importer(815301076,1909f56bfc062723c751e8b465ee728b)  -> (artifact id: 'f0fc6335da9488ac8e8f316c59dbab6b') in 0.001509 seconds 
========================================================================
Received Import Request.
  Time since last request: 10.084625 seconds.
  path: Assets/Sound/1min-2021-08-17_-_8_Bit_Nostalgia_-_www.FesliyanStudios.com.mp3
  artifactKey: Guid(66c3dd2ec726a7549bb2f0cc07bc47d5) Importer(815301076,1909f56bfc062723c751e8b465ee728b)
Start importing Assets/Sound/1min-2021-08-17_-_8_Bit_Nostalgia_-_www.FesliyanStudios.com.mp3 using Guid(66c3dd2ec726a7549bb2f0cc07bc47d5) Importer(815301076,1909f56bfc062723c751e8b465ee728b)  -> (artifact id: '6e5861e5ef6054d01a7dca1c70049c03') in 0.063592 seconds 
========================================================================
Received Prepare
Registering precompiled user dll's ...
Registered in 0.011952 seconds.
Begin MonoManager ReloadAssembly
Symbol file LoadedFromMemory doesn't match image F:\Git\Interntank\Library\PackageCache\com.unity.visualscripting@1.7.8\Editor\VisualScripting.Core\Dependencies\YamlDotNet\Unity.VisualScripting.YamlDotNet.dll
Symbol file LoadedFromMemory doesn't match image F:\Git\Interntank\Library\PackageCache\com.unity.visualscripting@1.7.8\Editor\VisualScripting.Core\Dependencies\DotNetZip\Unity.VisualScripting.IonicZip.dll
Native extension for WindowsStandalone target not found
Refreshing native plugins compatible for Editor in 1.38 ms, found 3 plugins.
Preloading 0 native plugins for Editor in 0.00 ms.
Mono: successfully reloaded assembly
- Completed reload, in  1.453 seconds
Domain Reload Profiling:
	ReloadAssembly (1454ms)
		BeginReloadAssembly (167ms)
			ExecutionOrderSort (0ms)
			DisableScriptedObjects (6ms)
			BackupInstance (0ms)
			ReleaseScriptingObjects (0ms)
			CreateAndSetChildDomain (49ms)
		EndReloadAssembly (1163ms)
			LoadAssemblies (137ms)
			RebuildTransferFunctionScriptingTraits (0ms)
			SetupTypeCache (345ms)
			ReleaseScriptCaches (2ms)
			RebuildScriptCaches (54ms)
			SetupLoadedEditorAssemblies (539ms)
				LogAssemblyErrors (0ms)
				InitializePlatformSupportModulesInManaged (14ms)
				SetLoadedEditorAssemblies (1ms)
				RefreshPlugins (1ms)
				BeforeProcessingInitializeOnLoad (107ms)
				ProcessInitializeOnLoadAttributes (299ms)
				ProcessInitializeOnLoadMethodAttributes (105ms)
				AfterProcessingInitializeOnLoad (12ms)
				EditorAssembliesLoaded (0ms)
			ExecutionOrderSort2 (0ms)
			AwakeInstancesAfterBackupRestoration (31ms)
Platform modules already initialized, skipping
Refreshing native plugins compatible for Editor in 2.97 ms, found 3 plugins.
Preloading 0 native plugins for Editor in 0.00 ms.
Unloading 5931 Unused Serialized files (Serialized files now loaded: 0)
Unloading 36 unused Assets / (0.7 MB). Loaded Objects now: 6642.
Memory consumption went from 229.2 MB to 228.5 MB.
Total: 4.124100 ms (FindLiveObjects: 0.459000 ms CreateObjectMapping: 0.452700 ms MarkObjects: 2.930600 ms  DeleteObjects: 0.281000 ms)

AssetImportParameters requested are different than current active one (requested -> active):
  custom:video-decoder-ogg-theora: a1e56fd34408186e4bbccfd4996cb3dc -> 
  custom:container-muxer-webm: aa71ff27fc2769a1b78a27578f13a17b -> 
  custom:container-demuxer-webm: 4f35f7cbe854078d1ac9338744f61a02 -> 
  custom:video-encoder-webm-vp8: eb34c28f22e8b96e1ab97ce403110664 -> 
  custom:audio-encoder-webm-vorbis: bf7c407c2cedff20999df2af8eb42d56 -> 
  custom:framework-win-MediaFoundation: 216162199b28c13a410421893ffa2e32 -> 
  custom:container-demuxer-ogg: 62fdf1f143b41e24485cea50d1cbac27 -> 
  custom:video-decoder-webm-vp8: 9c59270c3fd7afecdb556c50c9e8de78 -> 
  custom:audio-decoder-ogg-vorbis: bf7c407c2cedff20999df2af8eb42d56 -> 
========================================================================
Received Import Request.
  Time since last request: 315.373784 seconds.
  path: Assets/Sound/341235__jeremysykes__laser01.wav
  artifactKey: Guid(b71fa459b5a0b6c44a4ee98c8d2cc235) Importer(815301076,1909f56bfc062723c751e8b465ee728b)
Start importing Assets/Sound/341235__jeremysykes__laser01.wav using Guid(b71fa459b5a0b6c44a4ee98c8d2cc235) Importer(815301076,1909f56bfc062723c751e8b465ee728b)  -> (artifact id: '5205bc4635942c859a88aed184a703aa') in 0.051361 seconds 
========================================================================
Received Import Request.
  Time since last request: 7.783685 seconds.
  path: Assets/Sound/35680__jobro__laser3.wav
  artifactKey: Guid(6a624c075adde2e4b9cbb9601feddfaf) Importer(815301076,1909f56bfc062723c751e8b465ee728b)
Start importing Assets/Sound/35680__jobro__laser3.wav using Guid(6a624c075adde2e4b9cbb9601feddfaf) Importer(815301076,1909f56bfc062723c751e8b465ee728b)  -> (artifact id: '698fb47ef04d243f5dfcf71e111b63ba') in 0.009790 seconds 
========================================================================
Received Import Request.
  Time since last request: 46.740771 seconds.
  path: Assets/Prefab/Pbullet.prefab
  artifactKey: Guid(738ccd41bf29c2c49a9bb478f9c73e75) Importer(815301076,1909f56bfc062723c751e8b465ee728b)
Start importing Assets/Prefab/Pbullet.prefab using Guid(738ccd41bf29c2c49a9bb478f9c73e75) Importer(815301076,1909f56bfc062723c751e8b465ee728b) Tried select unknown importer for id '-2' '00000000000000000000000000000000'
 -> (artifact id: '7fa748b7c4a19ecf5cbf5493e44dae0d') in 0.180235 seconds 
========================================================================
Received Import Request.
  Time since last request: 49.682390 seconds.
  path: Assets/Prefab/Pbullet.prefab
  artifactKey: Guid(738ccd41bf29c2c49a9bb478f9c73e75) Importer(815301076,1909f56bfc062723c751e8b465ee728b)
Start importing Assets/Prefab/Pbullet.prefab using Guid(738ccd41bf29c2c49a9bb478f9c73e75) Importer(815301076,1909f56bfc062723c751e8b465ee728b) Tried select unknown importer for id '-2' '00000000000000000000000000000000'
 -> (artifact id: '98b5dd08835cd053083670f828d77fd9') in 0.019076 seconds 
========================================================================
Received Import Request.
  Time since last request: 4.830172 seconds.
  path: Assets/Prefab/Player1.prefab
  artifactKey: Guid(b8e543877fa752d4295bc8e0824ef8a8) Importer(815301076,1909f56bfc062723c751e8b465ee728b)
Start importing Assets/Prefab/Player1.prefab using Guid(b8e543877fa752d4295bc8e0824ef8a8) Importer(815301076,1909f56bfc062723c751e8b465ee728b) Tried select unknown importer for id '-2' '00000000000000000000000000000000'
 -> (artifact id: 'f4ecd153b197493eb439b09bb8bd12c5') in 0.026104 seconds 
========================================================================
Received Import Request.
  Time since last request: 17.165358 seconds.
  path: Assets/Prefab/Ebullet.prefab
  artifactKey: Guid(580d04dfb0ce130479bd2775956c0814) Importer(815301076,1909f56bfc062723c751e8b465ee728b)
Start importing Assets/Prefab/Ebullet.prefab using Guid(580d04dfb0ce130479bd2775956c0814) Importer(815301076,1909f56bfc062723c751e8b465ee728b) Tried select unknown importer for id '-2' '00000000000000000000000000000000'
 -> (artifact id: '54e2a0aebd6201ee4f5124b89a288e09') in 0.014722 seconds 
========================================================================
Received Import Request.
  Time since last request: 40.078059 seconds.
  path: Assets/TankScenes/stage1.unity
  artifactKey: Guid(03927dbb938a4ce4292d17ea8e77a0b8) Importer(815301076,1909f56bfc062723c751e8b465ee728b)
Start importing Assets/TankScenes/stage1.unity using Guid(03927dbb938a4ce4292d17ea8e77a0b8) Importer(815301076,1909f56bfc062723c751e8b465ee728b)  -> (artifact id: '9c69e97d96a5ac6b025879b3aaffd9c5') in 0.001631 seconds 
========================================================================
Received Import Request.
  Time since last request: 3.724699 seconds.
  path: Assets/TankScenes/stage2.unity
  artifactKey: Guid(e38b01d0cc35b7642bca2e2dfd37b902) Importer(815301076,1909f56bfc062723c751e8b465ee728b)
Start importing Assets/TankScenes/stage2.unity using Guid(e38b01d0cc35b7642bca2e2dfd37b902) Importer(815301076,1909f56bfc062723c751e8b465ee728b)  -> (artifact id: '7b7293c33cc1bd2c4e3cf550a1ec34e6') in 0.001451 seconds 
========================================================================
Received Import Request.
  Time since last request: 2.193028 seconds.
  path: Assets/TankScenes/stageEnless.unity
  artifactKey: Guid(b709b2cd38ca0194c84230ab18367f42) Importer(815301076,1909f56bfc062723c751e8b465ee728b)
Start importing Assets/TankScenes/stageEnless.unity using Guid(b709b2cd38ca0194c84230ab18367f42) Importer(815301076,1909f56bfc062723c751e8b465ee728b)  -> (artifact id: '11f14d4bc7375d6da432cebee2513476') in 0.001463 seconds 
========================================================================
Received Import Request.
  Time since last request: 6.835148 seconds.
  path: Assets/TankScenes/stage2.unity
  artifactKey: Guid(e38b01d0cc35b7642bca2e2dfd37b902) Importer(815301076,1909f56bfc062723c751e8b465ee728b)
Start importing Assets/TankScenes/stage2.unity using Guid(e38b01d0cc35b7642bca2e2dfd37b902) Importer(815301076,1909f56bfc062723c751e8b465ee728b)  -> (artifact id: '9968a569e72003307e6a84959e400077') in 0.001847 seconds 
========================================================================
Received Import Request.
  Time since last request: 11.470857 seconds.
  path: Assets/TankScenes/stage1.unity
  artifactKey: Guid(03927dbb938a4ce4292d17ea8e77a0b8) Importer(815301076,1909f56bfc062723c751e8b465ee728b)
Start importing Assets/TankScenes/stage1.unity using Guid(03927dbb938a4ce4292d17ea8e77a0b8) Importer(815301076,1909f56bfc062723c751e8b465ee728b)  -> (artifact id: '8a05e298a8b202e2a3556bbfdcbf5c3a') in 0.001487 seconds 
========================================================================
Received Import Request.
  Time since last request: 2.917842 seconds.
  path: Assets/TankScenes/Menu.unity
  artifactKey: Guid(8a27cf059db8a574f899439ee0f93509) Importer(815301076,1909f56bfc062723c751e8b465ee728b)
Start importing Assets/TankScenes/Menu.unity using Guid(8a27cf059db8a574f899439ee0f93509) Importer(815301076,1909f56bfc062723c751e8b465ee728b)  -> (artifact id: '864bb97c2d6d2932fa0f4abb831439f5') in 0.001600 seconds 
========================================================================
Received Prepare
Registering precompiled user dll's ...
Registered in 0.016232 seconds.
Begin MonoManager ReloadAssembly
Symbol file LoadedFromMemory doesn't match image F:\Git\Interntank\Library\PackageCache\com.unity.visualscripting@1.7.8\Editor\VisualScripting.Core\Dependencies\YamlDotNet\Unity.VisualScripting.YamlDotNet.dll
Symbol file LoadedFromMemory doesn't match image F:\Git\Interntank\Library\PackageCache\com.unity.visualscripting@1.7.8\Editor\VisualScripting.Core\Dependencies\DotNetZip\Unity.VisualScripting.IonicZip.dll
Native extension for WindowsStandalone target not found
Refreshing native plugins compatible for Editor in 1.94 ms, found 3 plugins.
Preloading 0 native plugins for Editor in 0.00 ms.
Mono: successfully reloaded assembly
- Completed reload, in  1.520 seconds
Domain Reload Profiling:
	ReloadAssembly (1520ms)
		BeginReloadAssembly (176ms)
			ExecutionOrderSort (0ms)
			DisableScriptedObjects (10ms)
			BackupInstance (0ms)
			ReleaseScriptingObjects (0ms)
			CreateAndSetChildDomain (56ms)
		EndReloadAssembly (1228ms)
			LoadAssemblies (137ms)
			RebuildTransferFunctionScriptingTraits (0ms)
			SetupTypeCache (390ms)
			ReleaseScriptCaches (2ms)
			RebuildScriptCaches (61ms)
			SetupLoadedEditorAssemblies (563ms)
				LogAssemblyErrors (0ms)
				InitializePlatformSupportModulesInManaged (15ms)
				SetLoadedEditorAssemblies (1ms)
				RefreshPlugins (2ms)
				BeforeProcessingInitializeOnLoad (113ms)
				ProcessInitializeOnLoadAttributes (303ms)
				ProcessInitializeOnLoadMethodAttributes (115ms)
				AfterProcessingInitializeOnLoad (13ms)
				EditorAssembliesLoaded (0ms)
			ExecutionOrderSort2 (0ms)
			AwakeInstancesAfterBackupRestoration (15ms)
Platform modules already initialized, skipping
Refreshing native plugins compatible for Editor in 2.75 ms, found 3 plugins.
Preloading 0 native plugins for Editor in 0.00 ms.
Unloading 5930 Unused Serialized files (Serialized files now loaded: 0)
Unloading 36 unused Assets / (0.7 MB). Loaded Objects now: 6698.
Memory consumption went from 230.2 MB to 229.5 MB.
Total: 3.750200 ms (FindLiveObjects: 0.479300 ms CreateObjectMapping: 0.368900 ms MarkObjects: 2.575400 ms  DeleteObjects: 0.325800 ms)

AssetImportParameters requested are different than current active one (requested -> active):
  custom:video-decoder-ogg-theora: a1e56fd34408186e4bbccfd4996cb3dc -> 
  custom:container-muxer-webm: aa71ff27fc2769a1b78a27578f13a17b -> 
  custom:container-demuxer-webm: 4f35f7cbe854078d1ac9338744f61a02 -> 
  custom:video-encoder-webm-vp8: eb34c28f22e8b96e1ab97ce403110664 -> 
  custom:audio-encoder-webm-vorbis: bf7c407c2cedff20999df2af8eb42d56 -> 
  custom:framework-win-MediaFoundation: 216162199b28c13a410421893ffa2e32 -> 
  custom:container-demuxer-ogg: 62fdf1f143b41e24485cea50d1cbac27 -> 
  custom:video-decoder-webm-vp8: 9c59270c3fd7afecdb556c50c9e8de78 -> 
  custom:audio-decoder-ogg-vorbis: bf7c407c2cedff20999df2af8eb42d56 -> 
========================================================================
Received Import Request.
  Time since last request: 132.939174 seconds.
  path: Assets/Sound/448226__inspectorj__explosion-8-bit-01.wav
  artifactKey: Guid(03f98bb46d5c09347aed3cb09af99641) Importer(815301076,1909f56bfc062723c751e8b465ee728b)
Start importing Assets/Sound/448226__inspectorj__explosion-8-bit-01.wav using Guid(03f98bb46d5c09347aed3cb09af99641) Importer(815301076,1909f56bfc062723c751e8b465ee728b)  -> (artifact id: '2cb4f0d9e6ce2e8ee1256d67d8a96dff') in 0.046206 seconds 
========================================================================
Received Import Request.
  Time since last request: 3.844453 seconds.
  path: Assets/Sound/explosion.wav
  artifactKey: Guid(03f98bb46d5c09347aed3cb09af99641) Importer(815301076,1909f56bfc062723c751e8b465ee728b)
Start importing Assets/Sound/explosion.wav using Guid(03f98bb46d5c09347aed3cb09af99641) Importer(815301076,1909f56bfc062723c751e8b465ee728b)  -> (artifact id: '6f0af2802d9e82de6613498718a8c912') in 0.008716 seconds 
========================================================================
Received Import Request.
  Time since last request: 72.073006 seconds.
  path: Assets/Sound/explosionฟพทน.wav
  artifactKey: Guid(03f98bb46d5c09347aed3cb09af99641) Importer(815301076,1909f56bfc062723c751e8b465ee728b)
Start importing Assets/Sound/explosionฟพทน.wav using Guid(03f98bb46d5c09347aed3cb09af99641) Importer(815301076,1909f56bfc062723c751e8b465ee728b)  -> (artifact id: '814032a8bce221369f0b94f26179941c') in 0.009438 seconds 
========================================================================
Received Import Request.
  Time since last request: 7.366566 seconds.
  path: Assets/Sound/explosionbullet.wav
  artifactKey: Guid(03f98bb46d5c09347aed3cb09af99641) Importer(815301076,1909f56bfc062723c751e8b465ee728b)
Start importing Assets/Sound/explosionbullet.wav using Guid(03f98bb46d5c09347aed3cb09af99641) Importer(815301076,1909f56bfc062723c751e8b465ee728b)  -> (artifact id: '43ac3c4139c230d32dab708584d50059') in 0.011659 seconds 
========================================================================
Received Import Request.
  Time since last request: 14.020748 seconds.
  path: Assets/Sound/170144__timgormly__8-bit-explosion2.aiff
  artifactKey: Guid(5a6d7ae58643eb14db38366375c6020a) Importer(815301076,1909f56bfc062723c751e8b465ee728b)
Start importing Assets/Sound/170144__timgormly__8-bit-explosion2.aiff using Guid(5a6d7ae58643eb14db38366375c6020a) Importer(815301076,1909f56bfc062723c751e8b465ee728b)  -> (artifact id: 'd516d55bb26c2239edd14f579d8e1d49') in 0.013673 seconds 
========================================================================
Received Import Request.
  Time since last request: 13.551495 seconds.
  path: Assets/Sound/play  pauseloop -0000 Explosion.aiff
  artifactKey: Guid(5a6d7ae58643eb14db38366375c6020a) Importer(815301076,1909f56bfc062723c751e8b465ee728b)
Start importing Assets/Sound/play  pauseloop -0000 Explosion.aiff using Guid(5a6d7ae58643eb14db38366375c6020a) Importer(815301076,1909f56bfc062723c751e8b465ee728b)  -> (artifact id: 'f1de9ffae2c61b510eeaa58801ce73f7') in 0.009166 seconds 
========================================================================
Received Import Request.
  Time since last request: 107.755596 seconds.
  path: Assets/Prefab/Enemy.prefab
  artifactKey: Guid(c40bc3d91f190e440a0773c70dd2c17e) Importer(815301076,1909f56bfc062723c751e8b465ee728b)
Start importing Assets/Prefab/Enemy.prefab using Guid(c40bc3d91f190e440a0773c70dd2c17e) Importer(815301076,1909f56bfc062723c751e8b465ee728b) Tried select unknown importer for id '-2' '00000000000000000000000000000000'
 -> (artifact id: '6b41507a775677afb365433656f3fc3d') in 0.197127 seconds 
========================================================================
Received Import Request.
  Time since last request: 0.000030 seconds.
  path: Assets/Prefab/Enemy4.prefab
  artifactKey: Guid(3227fcba66f5f6e4e857705b82f1e59e) Importer(815301076,1909f56bfc062723c751e8b465ee728b)
Start importing Assets/Prefab/Enemy4.prefab using Guid(3227fcba66f5f6e4e857705b82f1e59e) Importer(815301076,1909f56bfc062723c751e8b465ee728b) Tried select unknown importer for id '-2' '00000000000000000000000000000000'
 -> (artifact id: '3a1c81041d724313b2d1b991e6eea272') in 0.019699 seconds 
========================================================================
Received Import Request.
  Time since last request: 0.000041 seconds.
  path: Assets/Prefab/Enemy3.prefab
  artifactKey: Guid(aa03fe37c85da1a49837aa396dee2486) Importer(815301076,1909f56bfc062723c751e8b465ee728b)
Start importing Assets/Prefab/Enemy3.prefab using Guid(aa03fe37c85da1a49837aa396dee2486) Importer(815301076,1909f56bfc062723c751e8b465ee728b) Tried select unknown importer for id '-2' '00000000000000000000000000000000'
 -> (artifact id: 'ad5c64a16230469fe840f2e330bfdfbe') in 0.021546 seconds 
========================================================================
Received Import Request.
  Time since last request: 2.679025 seconds.
  path: Assets/Sherbbs Particle Collection/Materials/VertexUnlitSlightGlowFadedMaskAdditive.mat
  artifactKey: Guid(a23bc5be0d07f7142b7e13aeb95dc248) Importer(815301076,1909f56bfc062723c751e8b465ee728b)
Start importing Assets/Sherbbs Particle Collection/Materials/VertexUnlitSlightGlowFadedMaskAdditive.mat using Guid(a23bc5be0d07f7142b7e13aeb95dc248) Importer(815301076,1909f56bfc062723c751e8b465ee728b)  -> (artifact id: 'b328b3f7f985fb6f3a6d549d66c36209') in 0.037841 seconds 
========================================================================
Received Import Request.
  Time since last request: 3.480952 seconds.
  path: Assets/Sherbbs Particle Collection/Materials/VertexUnlitGlowRoundedSquare.mat
  artifactKey: Guid(a1bc200c72ac7ee4cb0e1e043e5411a4) Importer(815301076,1909f56bfc062723c751e8b465ee728b)
Start importing Assets/Sherbbs Particle Collection/Materials/VertexUnlitGlowRoundedSquare.mat using Guid(a1bc200c72ac7ee4cb0e1e043e5411a4) Importer(815301076,1909f56bfc062723c751e8b465ee728b)  -> (artifact id: '4fa7a96b6ac22240f0ba0136496eed53') in 0.012688 seconds 
========================================================================
Received Import Request.
  Time since last request: 15.573029 seconds.
  path: Assets/Prefab/BasicSpark 2.prefab
  artifactKey: Guid(4c438d6659199634086bfdc35e8c1150) Importer(815301076,1909f56bfc062723c751e8b465ee728b)
Start importing Assets/Prefab/BasicSpark 2.prefab using Guid(4c438d6659199634086bfdc35e8c1150) Importer(815301076,1909f56bfc062723c751e8b465ee728b) Tried select unknown importer for id '-2' '00000000000000000000000000000000'
 -> (artifact id: 'd37e1231d57dd40de22f02393c3d44b2') in 0.014143 seconds 
========================================================================
Received Prepare
Registering precompiled user dll's ...
Registered in 0.012900 seconds.
Begin MonoManager ReloadAssembly
Symbol file LoadedFromMemory doesn't match image F:\Git\Interntank\Library\PackageCache\com.unity.visualscripting@1.7.8\Editor\VisualScripting.Core\Dependencies\YamlDotNet\Unity.VisualScripting.YamlDotNet.dll
Symbol file LoadedFromMemory doesn't match image F:\Git\Interntank\Library\PackageCache\com.unity.visualscripting@1.7.8\Editor\VisualScripting.Core\Dependencies\DotNetZip\Unity.VisualScripting.IonicZip.dll
Native extension for WindowsStandalone target not found
Refreshing native plugins compatible for Editor in 1.11 ms, found 3 plugins.
Preloading 0 native plugins for Editor in 0.00 ms.
Mono: successfully reloaded assembly
- Completed reload, in  1.528 seconds
Domain Reload Profiling:
	ReloadAssembly (1529ms)
		BeginReloadAssembly (174ms)
			ExecutionOrderSort (0ms)
			DisableScriptedObjects (11ms)
			BackupInstance (0ms)
			ReleaseScriptingObjects (0ms)
			CreateAndSetChildDomain (56ms)
		EndReloadAssembly (1239ms)
			LoadAssemblies (138ms)
			RebuildTransferFunctionScriptingTraits (0ms)
			SetupTypeCache (383ms)
			ReleaseScriptCaches (3ms)
			RebuildScriptCaches (74ms)
			SetupLoadedEditorAssemblies (550ms)
				LogAssemblyErrors (0ms)
				InitializePlatformSupportModulesInManaged (15ms)
				SetLoadedEditorAssemblies (1ms)
				RefreshPlugins (1ms)
				BeforeProcessingInitializeOnLoad (118ms)
				ProcessInitializeOnLoadAttributes (292ms)
				ProcessInitializeOnLoadMethodAttributes (109ms)
				AfterProcessingInitializeOnLoad (13ms)
				EditorAssembliesLoaded (0ms)
			ExecutionOrderSort2 (0ms)
			AwakeInstancesAfterBackupRestoration (17ms)
Platform modules already initialized, skipping
Refreshing native plugins compatible for Editor in 2.85 ms, found 3 plugins.
Preloading 0 native plugins for Editor in 0.00 ms.
Unloading 5930 Unused Serialized files (Serialized files now loaded: 0)
Unloading 36 unused Assets / (0.7 MB). Loaded Objects now: 6786.
Memory consumption went from 230.6 MB to 229.8 MB.
Total: 5.181600 ms (FindLiveObjects: 0.478200 ms CreateObjectMapping: 0.489100 ms MarkObjects: 3.902600 ms  DeleteObjects: 0.310500 ms)

AssetImportParameters requested are different than current active one (requested -> active):
  custom:video-decoder-ogg-theora: a1e56fd34408186e4bbccfd4996cb3dc -> 
  custom:container-muxer-webm: aa71ff27fc2769a1b78a27578f13a17b -> 
  custom:container-demuxer-webm: 4f35f7cbe854078d1ac9338744f61a02 -> 
  custom:video-encoder-webm-vp8: eb34c28f22e8b96e1ab97ce403110664 -> 
  custom:audio-encoder-webm-vorbis: bf7c407c2cedff20999df2af8eb42d56 -> 
  custom:framework-win-MediaFoundation: 216162199b28c13a410421893ffa2e32 -> 
  custom:container-demuxer-ogg: 62fdf1f143b41e24485cea50d1cbac27 -> 
  custom:video-decoder-webm-vp8: 9c59270c3fd7afecdb556c50c9e8de78 -> 
  custom:audio-decoder-ogg-vorbis: bf7c407c2cedff20999df2af8eb42d56 -> 
========================================================================
Received Import Request.
  Time since last request: 60.494986 seconds.
  path: Assets/Script/TankGame/EnemyControoler/Enemycontroller.cs
  artifactKey: Guid(fd5d19f0f24e81f448a4f5f9713274f5) Importer(815301076,1909f56bfc062723c751e8b465ee728b)
Start importing Assets/Script/TankGame/EnemyControoler/Enemycontroller.cs using Guid(fd5d19f0f24e81f448a4f5f9713274f5) Importer(815301076,1909f56bfc062723c751e8b465ee728b)  -> (artifact id: '102e868003ef0d821acfa18934e2c964') in 0.012676 seconds 
========================================================================
Received Import Request.
  Time since last request: 0.981621 seconds.
  path: Assets/Script/TankGame/EnemyControoler/EnemyShootAndStats.cs
  artifactKey: Guid(686c830c739c3ef4fa0f444e304948b4) Importer(815301076,1909f56bfc062723c751e8b465ee728b)
Start importing Assets/Script/TankGame/EnemyControoler/EnemyShootAndStats.cs using Guid(686c830c739c3ef4fa0f444e304948b4) Importer(815301076,1909f56bfc062723c751e8b465ee728b)  -> (artifact id: '3f177775e3ec0f57594fe5c9e34665ec') in 0.001539 seconds 
========================================================================
Received Import Request.
  Time since last request: 0.898228 seconds.
  path: Assets/Script/TankGame/EnemyControoler/EnemySpawn.cs
  artifactKey: Guid(8087a556ce9b88542b58c0bb6f703ac5) Importer(815301076,1909f56bfc062723c751e8b465ee728b)
Start importing Assets/Script/TankGame/EnemyControoler/EnemySpawn.cs using Guid(8087a556ce9b88542b58c0bb6f703ac5) Importer(815301076,1909f56bfc062723c751e8b465ee728b)  -> (artifact id: 'bab55ec36fb559ad788e450031d907b3') in 0.002200 seconds 
========================================================================
Received Import Request.
  Time since last request: 27.031285 seconds.
  path: Assets/Script/TankGame/EnemyControoler/EnemyShootAndStats.cs
  artifactKey: Guid(686c830c739c3ef4fa0f444e304948b4) Importer(815301076,1909f56bfc062723c751e8b465ee728b)
Start importing Assets/Script/TankGame/EnemyControoler/EnemyShootAndStats.cs using Guid(686c830c739c3ef4fa0f444e304948b4) Importer(815301076,1909f56bfc062723c751e8b465ee728b)  -> (artifact id: '00000000000000000000000000000000') in 0.000359 seconds  code(4) message(Build asset version error: assets/script/tankgame/enemycontrooler/enemyshootandstats.cs in SourceAssetDB has modification time of '2022-07-14T18:20:01.2892031Z' while content on disk has modification time of '2022-07-14T18:20:01.7132277Z')
  ERROR: Build asset version error: assets/script/tankgame/enemycontrooler/enemyshootandstats.cs in SourceAssetDB has modification time of '2022-07-14T18:20:01.2892031Z' while content on disk has modification time of '2022-07-14T18:20:01.7132277Z'
========================================================================
Received Import Request.
  Time since last request: 15.969719 seconds.
  path: Assets/Script/TankGame/EnemyControoler/EnemyShootAndStats.cs
  artifactKey: Guid(686c830c739c3ef4fa0f444e304948b4) Importer(815301076,1909f56bfc062723c751e8b465ee728b)
Start importing Assets/Script/TankGame/EnemyControoler/EnemyShootAndStats.cs using Guid(686c830c739c3ef4fa0f444e304948b4) Importer(815301076,1909f56bfc062723c751e8b465ee728b)  -> (artifact id: '7aa4ccf4e7e54a58f8eeb2918cd9114b') in 0.001771 seconds 
========================================================================
Received Prepare
Registering precompiled user dll's ...
Registered in 0.011267 seconds.
Begin MonoManager ReloadAssembly
Symbol file LoadedFromMemory doesn't match image F:\Git\Interntank\Library\PackageCache\com.unity.visualscripting@1.7.8\Editor\VisualScripting.Core\Dependencies\YamlDotNet\Unity.VisualScripting.YamlDotNet.dll
Symbol file LoadedFromMemory doesn't match image F:\Git\Interntank\Library\PackageCache\com.unity.visualscripting@1.7.8\Editor\VisualScripting.Core\Dependencies\DotNetZip\Unity.VisualScripting.IonicZip.dll
Native extension for WindowsStandalone target not found
Refreshing native plugins compatible for Editor in 1.32 ms, found 3 plugins.
Preloading 0 native plugins for Editor in 0.00 ms.
Mono: successfully reloaded assembly
- Completed reload, in  1.368 seconds
Domain Reload Profiling:
	ReloadAssembly (1369ms)
		BeginReloadAssembly (155ms)
			ExecutionOrderSort (0ms)
			DisableScriptedObjects (6ms)
			BackupInstance (0ms)
			ReleaseScriptingObjects (0ms)
			CreateAndSetChildDomain (44ms)
		EndReloadAssembly (1107ms)
			LoadAssemblies (129ms)
			RebuildTransferFunctionScriptingTraits (0ms)
			SetupTypeCache (347ms)
			ReleaseScriptCaches (2ms)
			RebuildScriptCaches (57ms)
			SetupLoadedEditorAssemblies (502ms)
				LogAssemblyErrors (0ms)
				InitializePlatformSupportModulesInManaged (13ms)
				SetLoadedEditorAssemblies (1ms)
				RefreshPlugins (1ms)
				BeforeProcessingInitializeOnLoad (107ms)
				ProcessInitializeOnLoadAttributes (266ms)
				ProcessInitializeOnLoadMethodAttributes (104ms)
				AfterProcessingInitializeOnLoad (11ms)
				EditorAssembliesLoaded (0ms)
			ExecutionOrderSort2 (0ms)
			AwakeInstancesAfterBackupRestoration (14ms)
Platform modules already initialized, skipping
Refreshing native plugins compatible for Editor in 2.87 ms, found 3 plugins.
Preloading 0 native plugins for Editor in 0.00 ms.
Unloading 5931 Unused Serialized files (Serialized files now loaded: 0)
Unloading 36 unused Assets / (0.7 MB). Loaded Objects now: 6801.
Memory consumption went from 230.5 MB to 229.7 MB.
Total: 4.382600 ms (FindLiveObjects: 0.490700 ms CreateObjectMapping: 0.461600 ms MarkObjects: 2.985900 ms  DeleteObjects: 0.443400 ms)

AssetImportParameters requested are different than current active one (requested -> active):
  custom:video-decoder-ogg-theora: a1e56fd34408186e4bbccfd4996cb3dc -> 
  custom:container-muxer-webm: aa71ff27fc2769a1b78a27578f13a17b -> 
  custom:container-demuxer-webm: 4f35f7cbe854078d1ac9338744f61a02 -> 
  custom:video-encoder-webm-vp8: eb34c28f22e8b96e1ab97ce403110664 -> 
  custom:audio-encoder-webm-vorbis: bf7c407c2cedff20999df2af8eb42d56 -> 
  custom:framework-win-MediaFoundation: 216162199b28c13a410421893ffa2e32 -> 
  custom:container-demuxer-ogg: 62fdf1f143b41e24485cea50d1cbac27 -> 
  custom:video-decoder-webm-vp8: 9c59270c3fd7afecdb556c50c9e8de78 -> 
  custom:audio-decoder-ogg-vorbis: bf7c407c2cedff20999df2af8eb42d56 -> 
========================================================================
Received Import Request.
  Time since last request: 14.896477 seconds.
  path: Assets/Prefab/Ebullet.prefab
  artifactKey: Guid(580d04dfb0ce130479bd2775956c0814) Importer(815301076,1909f56bfc062723c751e8b465ee728b)
Start importing Assets/Prefab/Ebullet.prefab using Guid(580d04dfb0ce130479bd2775956c0814) Importer(815301076,1909f56bfc062723c751e8b465ee728b) Tried select unknown importer for id '-2' '00000000000000000000000000000000'
 -> (artifact id: 'ce0b5d96be12c0b67f94b23dced0a96c') in 0.237543 seconds 
========================================================================
Received Import Request.
  Time since last request: 0.000031 seconds.
  path: Assets/Prefab/Enemy2.prefab
  artifactKey: Guid(56ccff12d8255704e9b9d47c6bb010fe) Importer(815301076,1909f56bfc062723c751e8b465ee728b)
Start importing Assets/Prefab/Enemy2.prefab using Guid(56ccff12d8255704e9b9d47c6bb010fe) Importer(815301076,1909f56bfc062723c751e8b465ee728b) Tried select unknown importer for id '-2' '00000000000000000000000000000000'
 -> (artifact id: 'e3c8f4d50719ba65f798763c87a64f19') in 0.030762 seconds 
========================================================================
Received Import Request.
  Time since last request: 0.000050 seconds.
  path: Assets/Prefab/Enemy3.prefab
  artifactKey: Guid(aa03fe37c85da1a49837aa396dee2486) Importer(815301076,1909f56bfc062723c751e8b465ee728b)
Start importing Assets/Prefab/Enemy3.prefab using Guid(aa03fe37c85da1a49837aa396dee2486) Importer(815301076,1909f56bfc062723c751e8b465ee728b) Tried select unknown importer for id '-2' '00000000000000000000000000000000'
 -> (artifact id: '7a10fd97f9fe6152d5e7ecf3969d2018') in 0.020316 seconds 
========================================================================
Received Import Request.
  Time since last request: 0.000025 seconds.
  path: Assets/Prefab/Pbullet.prefab
  artifactKey: Guid(738ccd41bf29c2c49a9bb478f9c73e75) Importer(815301076,1909f56bfc062723c751e8b465ee728b)
Start importing Assets/Prefab/Pbullet.prefab using Guid(738ccd41bf29c2c49a9bb478f9c73e75) Importer(815301076,1909f56bfc062723c751e8b465ee728b) Tried select unknown importer for id '-2' '00000000000000000000000000000000'
 -> (artifact id: '80a763ed0c9b45580ebc0466a4adde89') in 0.016339 seconds 
========================================================================
Received Import Request.
  Time since last request: 121.861045 seconds.
  path: Assets/Sound/play  pauseloop -0000 Explosion.prefab
  artifactKey: Guid(838f5296924850240ae26cb4eead9456) Importer(815301076,1909f56bfc062723c751e8b465ee728b)
Start importing Assets/Sound/play  pauseloop -0000 Explosion.prefab using Guid(838f5296924850240ae26cb4eead9456) Importer(815301076,1909f56bfc062723c751e8b465ee728b)  -> (artifact id: '2f7405b404ae70e8eafe90d5dec804cc') in 0.006346 seconds 
========================================================================
Received Import Request.
  Time since last request: 8.155299 seconds.
  path: Assets/Settings/High_PipelineAsset.asset
  artifactKey: Guid(cbfe9645c34719c4e8e39950b34c1635) Importer(815301076,1909f56bfc062723c751e8b465ee728b)
Start importing Assets/Settings/High_PipelineAsset.asset using Guid(cbfe9645c34719c4e8e39950b34c1635) Importer(815301076,1909f56bfc062723c751e8b465ee728b)  -> (artifact id: '2d060837bef4283cc2b5024b89a192c3') in 0.006555 seconds 
========================================================================
Received Import Request.
  Time since last request: 0.000034 seconds.
  path: Assets/Settings/Low_PipelineAsset_ForwardRenderer.asset
  artifactKey: Guid(1a0c93dd4cbed214299ce641e2c2c7ee) Importer(815301076,1909f56bfc062723c751e8b465ee728b)
Start importing Assets/Settings/Low_PipelineAsset_ForwardRenderer.asset using Guid(1a0c93dd4cbed214299ce641e2c2c7ee) Importer(815301076,1909f56bfc062723c751e8b465ee728b)  -> (artifact id: '39f938c015c193e268981ab20a3f3e3e') in 0.003681 seconds 
========================================================================
Received Import Request.
  Time since last request: 0.000022 seconds.
  path: Assets/Settings/Very Low_PipelineAsset.asset
  artifactKey: Guid(84ced4bb27b9d7e4697b45f18a4fe261) Importer(815301076,1909f56bfc062723c751e8b465ee728b)
Start importing Assets/Settings/Very Low_PipelineAsset.asset using Guid(84ced4bb27b9d7e4697b45f18a4fe261) Importer(815301076,1909f56bfc062723c751e8b465ee728b)  -> (artifact id: 'ca2d35565b5938da7cb2fa94789abc97') in 0.003556 seconds 
========================================================================
Received Import Request.
  Time since last request: 0.000040 seconds.
  path: Assets/Settings/Very High_PipelineAsset_ForwardRenderer.asset
  artifactKey: Guid(7fee7ab8f09e02348aa4bbe0d73a3cc3) Importer(815301076,1909f56bfc062723c751e8b465ee728b)
Start importing Assets/Settings/Very High_PipelineAsset_ForwardRenderer.asset using Guid(7fee7ab8f09e02348aa4bbe0d73a3cc3) Importer(815301076,1909f56bfc062723c751e8b465ee728b)  -> (artifact id: '51ac53d2852562af403fca05c7dd24d3') in 0.005612 seconds 
========================================================================
Received Import Request.
  Time since last request: 0.000049 seconds.
  path: Assets/Settings/Very High_PipelineAsset.asset
  artifactKey: Guid(3da0f8af676fe5d42b2b8a3714c702d3) Importer(815301076,1909f56bfc062723c751e8b465ee728b)
Start importing Assets/Settings/Very High_PipelineAsset.asset using Guid(3da0f8af676fe5d42b2b8a3714c702d3) Importer(815301076,1909f56bfc062723c751e8b465ee728b)  -> (artifact id: 'edcb1329936cf1661ca1047ae6c99490') in 0.003284 seconds 
========================================================================
Received Import Request.
  Time since last request: 0.000028 seconds.
  path: Assets/Settings/Medium_PipelineAsset_ForwardRenderer.asset
  artifactKey: Guid(3f41d7f0473c69b458dcc1469b7b883d) Importer(815301076,1909f56bfc062723c751e8b465ee728b)
Start importing Assets/Settings/Medium_PipelineAsset_ForwardRenderer.asset using Guid(3f41d7f0473c69b458dcc1469b7b883d) Importer(815301076,1909f56bfc062723c751e8b465ee728b)  -> (artifact id: '492c9ae41f094c052597f4c269e05111') in 0.003653 seconds 
========================================================================
Received Import Request.
  Time since last request: 0.000034 seconds.
  path: Assets/Settings/Very Low_PipelineAsset_ForwardRenderer.asset
  artifactKey: Guid(a0b825ed2e0755a489cb42563a958685) Importer(815301076,1909f56bfc062723c751e8b465ee728b)
Start importing Assets/Settings/Very Low_PipelineAsset_ForwardRenderer.asset using Guid(a0b825ed2e0755a489cb42563a958685) Importer(815301076,1909f56bfc062723c751e8b465ee728b)  -> (artifact id: '650e5f181ff731c0c85f7b8da2d6da01') in 0.003022 seconds 
========================================================================
Received Import Request.
  Time since last request: 19.411005 seconds.
  path: Assets/Prefab/Enemy.prefab
  artifactKey: Guid(c40bc3d91f190e440a0773c70dd2c17e) Importer(815301076,1909f56bfc062723c751e8b465ee728b)
Start importing Assets/Prefab/Enemy.prefab using Guid(c40bc3d91f190e440a0773c70dd2c17e) Importer(815301076,1909f56bfc062723c751e8b465ee728b) Tried select unknown importer for id '-2' '00000000000000000000000000000000'
 -> (artifact id: 'fc232f1bdcfe9b87fb407b5274108994') in 0.017374 seconds 
========================================================================
Received Prepare
Registering precompiled user dll's ...
Registered in 0.011769 seconds.
Begin MonoManager ReloadAssembly
Symbol file LoadedFromMemory doesn't match image F:\Git\Interntank\Library\PackageCache\com.unity.visualscripting@1.7.8\Editor\VisualScripting.Core\Dependencies\YamlDotNet\Unity.VisualScripting.YamlDotNet.dll
Symbol file LoadedFromMemory doesn't match image F:\Git\Interntank\Library\PackageCache\com.unity.visualscripting@1.7.8\Editor\VisualScripting.Core\Dependencies\DotNetZip\Unity.VisualScripting.IonicZip.dll
Native extension for WindowsStandalone target not found
Refreshing native plugins compatible for Editor in 1.17 ms, found 3 plugins.
Preloading 0 native plugins for Editor in 0.00 ms.
Mono: successfully reloaded assembly
- Completed reload, in  1.589 seconds
Domain Reload Profiling:
	ReloadAssembly (1590ms)
		BeginReloadAssembly (179ms)
			ExecutionOrderSort (0ms)
			DisableScriptedObjects (9ms)
			BackupInstance (0ms)
			ReleaseScriptingObjects (0ms)
			CreateAndSetChildDomain (55ms)
		EndReloadAssembly (1283ms)
			LoadAssemblies (148ms)
			RebuildTransferFunctionScriptingTraits (0ms)
			SetupTypeCache (408ms)
			ReleaseScriptCaches (3ms)
			RebuildScriptCaches (68ms)
			SetupLoadedEditorAssemblies (568ms)
				LogAssemblyErrors (0ms)
				InitializePlatformSupportModulesInManaged (14ms)
				SetLoadedEditorAssemblies (0ms)
				RefreshPlugins (1ms)
				BeforeProcessingInitializeOnLoad (120ms)
				ProcessInitializeOnLoadAttributes (303ms)
				ProcessInitializeOnLoadMethodAttributes (115ms)
				AfterProcessingInitializeOnLoad (14ms)
				EditorAssembliesLoaded (0ms)
			ExecutionOrderSort2 (0ms)
			AwakeInstancesAfterBackupRestoration (18ms)
Platform modules already initialized, skipping
Refreshing native plugins compatible for Editor in 2.99 ms, found 3 plugins.
Preloading 0 native plugins for Editor in 0.00 ms.
Unloading 5930 Unused Serialized files (Serialized files now loaded: 0)
Unloading 36 unused Assets / (0.7 MB). Loaded Objects now: 6856.
Memory consumption went from 230.5 MB to 229.7 MB.
Total: 4.195600 ms (FindLiveObjects: 0.519100 ms CreateObjectMapping: 0.401800 ms MarkObjects: 2.972500 ms  DeleteObjects: 0.301000 ms)

AssetImportParameters requested are different than current active one (requested -> active):
  custom:video-decoder-ogg-theora: a1e56fd34408186e4bbccfd4996cb3dc -> 
  custom:container-muxer-webm: aa71ff27fc2769a1b78a27578f13a17b -> 
  custom:container-demuxer-webm: 4f35f7cbe854078d1ac9338744f61a02 -> 
  custom:video-encoder-webm-vp8: eb34c28f22e8b96e1ab97ce403110664 -> 
  custom:audio-encoder-webm-vorbis: bf7c407c2cedff20999df2af8eb42d56 -> 
  custom:framework-win-MediaFoundation: 216162199b28c13a410421893ffa2e32 -> 
  custom:container-demuxer-ogg: 62fdf1f143b41e24485cea50d1cbac27 -> 
  custom:video-decoder-webm-vp8: 9c59270c3fd7afecdb556c50c9e8de78 -> 
  custom:audio-decoder-ogg-vorbis: bf7c407c2cedff20999df2af8eb42d56 -> 
========================================================================
Received Import Request.
  Time since last request: 71.556690 seconds.
  path: Assets/Prefab/Enemy2.prefab
  artifactKey: Guid(56ccff12d8255704e9b9d47c6bb010fe) Importer(815301076,1909f56bfc062723c751e8b465ee728b)
Start importing Assets/Prefab/Enemy2.prefab using Guid(56ccff12d8255704e9b9d47c6bb010fe) Importer(815301076,1909f56bfc062723c751e8b465ee728b) Tried select unknown importer for id '-2' '00000000000000000000000000000000'
 -> (artifact id: '84069bf2648c42ed379b306fc6765a18') in 0.212422 seconds 
========================================================================
Received Import Request.
  Time since last request: 15.967172 seconds.
  path: Assets/Prefab/Enemy3.prefab
  artifactKey: Guid(aa03fe37c85da1a49837aa396dee2486) Importer(815301076,1909f56bfc062723c751e8b465ee728b)
Start importing Assets/Prefab/Enemy3.prefab using Guid(aa03fe37c85da1a49837aa396dee2486) Importer(815301076,1909f56bfc062723c751e8b465ee728b) Tried select unknown importer for id '-2' '00000000000000000000000000000000'
 -> (artifact id: '57867439647849408fd92a9934ced0fa') in 0.019859 seconds 
========================================================================
Received Import Request.
  Time since last request: 17.586960 seconds.
  path: Assets/Prefab/Enemy4.prefab
  artifactKey: Guid(3227fcba66f5f6e4e857705b82f1e59e) Importer(815301076,1909f56bfc062723c751e8b465ee728b)
Start importing Assets/Prefab/Enemy4.prefab using Guid(3227fcba66f5f6e4e857705b82f1e59e) Importer(815301076,1909f56bfc062723c751e8b465ee728b) Tried select unknown importer for id '-2' '00000000000000000000000000000000'
 -> (artifact id: 'e96effc51b0d43b2c5572cd48bdab2c6') in 0.019322 seconds 
========================================================================
Received Prepare
Registering precompiled user dll's ...
Registered in 0.012366 seconds.
Begin MonoManager ReloadAssembly
Symbol file LoadedFromMemory doesn't match image F:\Git\Interntank\Library\PackageCache\com.unity.visualscripting@1.7.8\Editor\VisualScripting.Core\Dependencies\YamlDotNet\Unity.VisualScripting.YamlDotNet.dll
Symbol file LoadedFromMemory doesn't match image F:\Git\Interntank\Library\PackageCache\com.unity.visualscripting@1.7.8\Editor\VisualScripting.Core\Dependencies\DotNetZip\Unity.VisualScripting.IonicZip.dll
Native extension for WindowsStandalone target not found
Refreshing native plugins compatible for Editor in 1.53 ms, found 3 plugins.
Preloading 0 native plugins for Editor in 0.00 ms.
Mono: successfully reloaded assembly
- Completed reload, in  1.521 seconds
Domain Reload Profiling:
	ReloadAssembly (1522ms)
		BeginReloadAssembly (166ms)
			ExecutionOrderSort (0ms)
			DisableScriptedObjects (8ms)
			BackupInstance (0ms)
			ReleaseScriptingObjects (0ms)
			CreateAndSetChildDomain (50ms)
		EndReloadAssembly (1236ms)
			LoadAssemblies (133ms)
			RebuildTransferFunctionScriptingTraits (0ms)
			SetupTypeCache (376ms)
			ReleaseScriptCaches (2ms)
			RebuildScriptCaches (65ms)
			SetupLoadedEditorAssemblies (545ms)
				LogAssemblyErrors (0ms)
				InitializePlatformSupportModulesInManaged (17ms)
				SetLoadedEditorAssemblies (1ms)
				RefreshPlugins (2ms)
				BeforeProcessingInitializeOnLoad (119ms)
				ProcessInitializeOnLoadAttributes (286ms)
				ProcessInitializeOnLoadMethodAttributes (109ms)
				AfterProcessingInitializeOnLoad (11ms)
				EditorAssembliesLoaded (0ms)
			ExecutionOrderSort2 (0ms)
			AwakeInstancesAfterBackupRestoration (15ms)
Platform modules already initialized, skipping
Refreshing native plugins compatible for Editor in 3.07 ms, found 3 plugins.
Preloading 0 native plugins for Editor in 0.00 ms.
Unloading 5930 Unused Serialized files (Serialized files now loaded: 0)
Unloading 36 unused Assets / (0.7 MB). Loaded Objects now: 6911.
Memory consumption went from 230.5 MB to 229.8 MB.
Total: 4.153700 ms (FindLiveObjects: 0.473500 ms CreateObjectMapping: 0.396300 ms MarkObjects: 2.961000 ms  DeleteObjects: 0.321800 ms)

AssetImportParameters requested are different than current active one (requested -> active):
  custom:video-decoder-ogg-theora: a1e56fd34408186e4bbccfd4996cb3dc -> 
  custom:container-muxer-webm: aa71ff27fc2769a1b78a27578f13a17b -> 
  custom:container-demuxer-webm: 4f35f7cbe854078d1ac9338744f61a02 -> 
  custom:video-encoder-webm-vp8: eb34c28f22e8b96e1ab97ce403110664 -> 
  custom:audio-encoder-webm-vorbis: bf7c407c2cedff20999df2af8eb42d56 -> 
  custom:framework-win-MediaFoundation: 216162199b28c13a410421893ffa2e32 -> 
  custom:container-demuxer-ogg: 62fdf1f143b41e24485cea50d1cbac27 -> 
  custom:video-decoder-webm-vp8: 9c59270c3fd7afecdb556c50c9e8de78 -> 
  custom:audio-decoder-ogg-vorbis: bf7c407c2cedff20999df2af8eb42d56 -> 
