Using pre-set license
Built from '2021.3/staging' branch; Version is '2021.3.6f1 (7da38d85baf6) revision 8233869'; Using compiler version '192829333'; Build Type 'Release'
OS: 'Windows 10  (10.0.19043) 64bit Professional' Language: 'en' Physical Memory: 16221 MB
BatchMode: 1, IsHumanControllingUs: 0, StartBugReporterOnCrash: 0, Is64bit: 1, IsPro: 1

COMMAND LINE ARGUMENTS:
C:\Program Files\Unity\Hub\Editor\2021.3.6f1\Editor\Unity.exe
-adb2
-batchMode
-noUpm
-name
AssetImportWorker2
-projectPath
C:/Users/Metaverse XR/Documents/GitHub/Interntank1
-logFile
Logs/AssetImportWorker2.log
-srvPort
58177
Successfully changed project path to: C:/Users/Metaverse XR/Documents/GitHub/Interntank1
C:/Users/Metaverse XR/Documents/GitHub/Interntank1
[UnityMemory] Configuration Parameters - Can be set up in boot.config
    "memorysetup-bucket-allocator-granularity=16"
    "memorysetup-bucket-allocator-bucket-count=8"
    "memorysetup-bucket-allocator-block-size=33554432"
    "memorysetup-bucket-allocator-block-count=8"
    "memorysetup-main-allocator-block-size=16777216"
    "memorysetup-thread-allocator-block-size=16777216"
    "memorysetup-gfx-main-allocator-block-size=16777216"
    "memorysetup-gfx-thread-allocator-block-size=16777216"
    "memorysetup-cache-allocator-block-size=4194304"
    "memorysetup-typetree-allocator-block-size=2097152"
    "memorysetup-profiler-bucket-allocator-granularity=16"
    "memorysetup-profiler-bucket-allocator-bucket-count=8"
    "memorysetup-profiler-bucket-allocator-block-size=33554432"
    "memorysetup-profiler-bucket-allocator-block-count=8"
    "memorysetup-profiler-allocator-block-size=16777216"
    "memorysetup-profiler-editor-allocator-block-size=1048576"
    "memorysetup-temp-allocator-size-main=16777216"
    "memorysetup-job-temp-allocator-block-size=2097152"
    "memorysetup-job-temp-allocator-block-size-background=1048576"
    "memorysetup-job-temp-allocator-reduction-small-platforms=262144"
    "memorysetup-temp-allocator-size-background-worker=32768"
    "memorysetup-temp-allocator-size-job-worker=262144"
    "memorysetup-temp-allocator-size-preload-manager=33554432"
    "memorysetup-temp-allocator-size-nav-mesh-worker=65536"
    "memorysetup-temp-allocator-size-audio-worker=65536"
    "memorysetup-temp-allocator-size-cloud-worker=32768"
    "memorysetup-temp-allocator-size-gi-baking-worker=262144"
    "memorysetup-temp-allocator-size-gfx=262144"
Refreshing native plugins compatible for Editor in 115.32 ms, found 3 plugins.
Preloading 0 native plugins for Editor in 0.00 ms.
Initialize engine version: 2021.3.6f1 (7da38d85baf6)
[Subsystems] Discovering subsystems at path C:/Program Files/Unity/Hub/Editor/2021.3.6f1/Editor/Data/Resources/UnitySubsystems
[Subsystems] Discovering subsystems at path C:/Users/Metaverse XR/Documents/GitHub/Interntank1/Assets
GfxDevice: creating device client; threaded=0; jobified=0
Direct3D:
    Version:  Direct3D 11.0 [level 11.1]
    Renderer: NVIDIA GeForce RTX 3060 (ID=0x2504)
    Vendor:   NVIDIA
    VRAM:     12143 MB
    Driver:   30.0.14.7212
Initialize mono
Mono path[0] = 'C:/Program Files/Unity/Hub/Editor/2021.3.6f1/Editor/Data/Managed'
Mono path[1] = 'C:/Program Files/Unity/Hub/Editor/2021.3.6f1/Editor/Data/MonoBleedingEdge/lib/mono/unityjit-win32'
Mono config path = 'C:/Program Files/Unity/Hub/Editor/2021.3.6f1/Editor/Data/MonoBleedingEdge/etc'
Using monoOptions --debugger-agent=transport=dt_socket,embedding=1,server=y,suspend=n,address=127.0.0.1:56572
Begin MonoManager ReloadAssembly
Registering precompiled unity dll's ...
Register platform support module: C:/Program Files/Unity/Hub/Editor/2021.3.6f1/Editor/Data/PlaybackEngines/WebGLSupport/UnityEditor.WebGL.Extensions.dll
Register platform support module: C:/Program Files/Unity/Hub/Editor/2021.3.6f1/Editor/Data/PlaybackEngines/WindowsStandaloneSupport/UnityEditor.WindowsStandalone.Extensions.dll
Registered in 0.004144 seconds.
Native extension for WindowsStandalone target not found
Native extension for WebGL target not found
Refreshing native plugins compatible for Editor in 105.43 ms, found 3 plugins.
Preloading 0 native plugins for Editor in 0.00 ms.
Mono: successfully reloaded assembly
- Completed reload, in  0.534 seconds
Domain Reload Profiling:
	ReloadAssembly (535ms)
		BeginReloadAssembly (55ms)
			ExecutionOrderSort (0ms)
			DisableScriptedObjects (0ms)
			BackupInstance (0ms)
			ReleaseScriptingObjects (0ms)
			CreateAndSetChildDomain (1ms)
		EndReloadAssembly (391ms)
			LoadAssemblies (53ms)
			RebuildTransferFunctionScriptingTraits (0ms)
			SetupTypeCache (88ms)
			ReleaseScriptCaches (0ms)
			RebuildScriptCaches (22ms)
			SetupLoadedEditorAssemblies (239ms)
				LogAssemblyErrors (0ms)
				InitializePlatformSupportModulesInManaged (7ms)
				SetLoadedEditorAssemblies (0ms)
				RefreshPlugins (106ms)
				BeforeProcessingInitializeOnLoad (1ms)
				ProcessInitializeOnLoadAttributes (92ms)
				ProcessInitializeOnLoadMethodAttributes (32ms)
				AfterProcessingInitializeOnLoad (0ms)
				EditorAssembliesLoaded (0ms)
			ExecutionOrderSort2 (0ms)
			AwakeInstancesAfterBackupRestoration (0ms)
Platform modules already initialized, skipping
Registering precompiled user dll's ...
Registered in 0.006406 seconds.
Begin MonoManager ReloadAssembly
Symbol file LoadedFromMemory doesn't match image C:\Users\Metaverse XR\Documents\GitHub\Interntank1\Library\PackageCache\com.unity.visualscripting@1.7.8\Editor\VisualScripting.Core\Dependencies\YamlDotNet\Unity.VisualScripting.YamlDotNet.dll
Symbol file LoadedFromMemory doesn't match image C:\Users\Metaverse XR\Documents\GitHub\Interntank1\Library\PackageCache\com.unity.visualscripting@1.7.8\Editor\VisualScripting.Core\Dependencies\DotNetZip\Unity.VisualScripting.IonicZip.dll
Native extension for WindowsStandalone target not found
Native extension for WebGL target not found
Refreshing native plugins compatible for Editor in 94.31 ms, found 3 plugins.
Preloading 0 native plugins for Editor in 0.00 ms.
Mono: successfully reloaded assembly
- Completed reload, in  1.034 seconds
Domain Reload Profiling:
	ReloadAssembly (1035ms)
		BeginReloadAssembly (78ms)
			ExecutionOrderSort (0ms)
			DisableScriptedObjects (4ms)
			BackupInstance (0ms)
			ReleaseScriptingObjects (0ms)
			CreateAndSetChildDomain (15ms)
		EndReloadAssembly (871ms)
			LoadAssemblies (65ms)
			RebuildTransferFunctionScriptingTraits (0ms)
			SetupTypeCache (238ms)
			ReleaseScriptCaches (1ms)
			RebuildScriptCaches (51ms)
			SetupLoadedEditorAssemblies (483ms)
				LogAssemblyErrors (0ms)
				InitializePlatformSupportModulesInManaged (4ms)
				SetLoadedEditorAssemblies (0ms)
				RefreshPlugins (94ms)
				BeforeProcessingInitializeOnLoad (100ms)
				ProcessInitializeOnLoadAttributes (208ms)
				ProcessInitializeOnLoadMethodAttributes (72ms)
				AfterProcessingInitializeOnLoad (4ms)
				EditorAssembliesLoaded (0ms)
			ExecutionOrderSort2 (0ms)
			AwakeInstancesAfterBackupRestoration (4ms)
Platform modules already initialized, skipping
========================================================================
Worker process is ready to serve import requests
Launched and connected shader compiler UnityShaderCompiler.exe after 0.03 seconds
Refreshing native plugins compatible for Editor in 0.83 ms, found 3 plugins.
Preloading 0 native plugins for Editor in 0.00 ms.
Unloading 5959 Unused Serialized files (Serialized files now loaded: 0)
Unloading 55 unused Assets / (0.8 MB). Loaded Objects now: 6404.
Memory consumption went from 230.5 MB to 229.8 MB.
Total: 3.762700 ms (FindLiveObjects: 0.379600 ms CreateObjectMapping: 0.217100 ms MarkObjects: 2.930300 ms  DeleteObjects: 0.234800 ms)

AssetImportParameters requested are different than current active one (requested -> active):
  custom:video-decoder-ogg-theora: a1e56fd34408186e4bbccfd4996cb3dc -> 
  custom:container-muxer-webm: aa71ff27fc2769a1b78a27578f13a17b -> 
  custom:container-demuxer-webm: 4f35f7cbe854078d1ac9338744f61a02 -> 
  custom:video-encoder-webm-vp8: eb34c28f22e8b96e1ab97ce403110664 -> 
  custom:audio-encoder-webm-vorbis: bf7c407c2cedff20999df2af8eb42d56 -> 
  custom:framework-win-MediaFoundation: 216162199b28c13a410421893ffa2e32 -> 
  custom:container-demuxer-ogg: 62fdf1f143b41e24485cea50d1cbac27 -> 
  custom:video-decoder-webm-vp8: 9c59270c3fd7afecdb556c50c9e8de78 -> 
  custom:audio-decoder-ogg-vorbis: bf7c407c2cedff20999df2af8eb42d56 -> 
========================================================================
Received Import Request.
  Time since last request: 67775.553244 seconds.
  path: Assets/Scenes/Scene-Library.unity
  artifactKey: Guid(b53a4dea12e7ef149978dc07e4093b22) Importer(815301076,1909f56bfc062723c751e8b465ee728b)
Start importing Assets/Scenes/Scene-Library.unity using Guid(b53a4dea12e7ef149978dc07e4093b22) Importer(815301076,1909f56bfc062723c751e8b465ee728b)  -> (artifact id: 'eaadfae1848a8dc360a0a65713fe6501') in 0.012194 seconds 
========================================================================
Received Import Request.
  Time since last request: 3.245012 seconds.
  path: Assets/Scenes/Scene-Library
  artifactKey: Guid(cf043d101696f204483674e96eeb70ab) Importer(815301076,1909f56bfc062723c751e8b465ee728b)
Start importing Assets/Scenes/Scene-Library using Guid(cf043d101696f204483674e96eeb70ab) Importer(815301076,1909f56bfc062723c751e8b465ee728b)  -> (artifact id: 'a2884fb03b1d7f0a1e133f992c626e25') in 0.005413 seconds 
========================================================================
Received Import Request.
  Time since last request: 0.033410 seconds.
  path: Assets/Scenes/Scene-Library/Global Volume Profile.asset
  artifactKey: Guid(96d9e036adbc0c041932bf696407d47b) Importer(815301076,1909f56bfc062723c751e8b465ee728b)
Start importing Assets/Scenes/Scene-Library/Global Volume Profile.asset using Guid(96d9e036adbc0c041932bf696407d47b) Importer(815301076,1909f56bfc062723c751e8b465ee728b)  -> (artifact id: '6c77dd260891fb715b4158b82b195dca') in 0.036251 seconds 
========================================================================
Received Import Request.
  Time since last request: 0.000026 seconds.
  path: Assets/Scenes/Scene-Library/Lightmap-0_comp_light.exr
  artifactKey: Guid(4d97e3f9f98014f4b8c096a80cd97343) Importer(815301076,1909f56bfc062723c751e8b465ee728b)
Start importing Assets/Scenes/Scene-Library/Lightmap-0_comp_light.exr using Guid(4d97e3f9f98014f4b8c096a80cd97343) Importer(815301076,1909f56bfc062723c751e8b465ee728b)  -> (artifact id: 'c213f962b32887bb8d52ccd496e5890f') in 0.067000 seconds 
========================================================================
Received Import Request.
  Time since last request: 3.264768 seconds.
  path: Assets/Scenes/Chatbox.unity
  artifactKey: Guid(128d10ad633af1c4898d24738ee1f3eb) Importer(815301076,1909f56bfc062723c751e8b465ee728b)
Start importing Assets/Scenes/Chatbox.unity using Guid(128d10ad633af1c4898d24738ee1f3eb) Importer(815301076,1909f56bfc062723c751e8b465ee728b)  -> (artifact id: '889fabd14d62289a29e8f7ccdf57876f') in 0.005756 seconds 
========================================================================
Received Import Request.
  Time since last request: 0.944786 seconds.
  path: Assets/Scenes/Testcamera.unity
  artifactKey: Guid(53655b7f006ff1b4d8c2ee7da91bdb4c) Importer(815301076,1909f56bfc062723c751e8b465ee728b)
Start importing Assets/Scenes/Testcamera.unity using Guid(53655b7f006ff1b4d8c2ee7da91bdb4c) Importer(815301076,1909f56bfc062723c751e8b465ee728b)  -> (artifact id: 'bc2aaf8b943acb1cc53fb2e8a81fbb23') in 0.006147 seconds 
========================================================================
Received Import Request.
  Time since last request: 4.235623 seconds.
  path: Assets/Animation
  artifactKey: Guid(5ff55616260dec142af19404bc59880a) Importer(815301076,1909f56bfc062723c751e8b465ee728b)
Start importing Assets/Animation using Guid(5ff55616260dec142af19404bc59880a) Importer(815301076,1909f56bfc062723c751e8b465ee728b)  -> (artifact id: '6ac65fa8a53212d5142932dfdf248da1') in 0.007063 seconds 
========================================================================
Received Import Request.
  Time since last request: 2.737090 seconds.
  path: Assets/Kenney_topdownTanks
  artifactKey: Guid(73e11da49a18c1a4489366bda6fbe12d) Importer(815301076,1909f56bfc062723c751e8b465ee728b)
Start importing Assets/Kenney_topdownTanks using Guid(73e11da49a18c1a4489366bda6fbe12d) Importer(815301076,1909f56bfc062723c751e8b465ee728b)  -> (artifact id: 'c4ada4155efa3d874be48780a39cb492') in 0.005981 seconds 
========================================================================
Received Import Request.
  Time since last request: 7.188189 seconds.
  path: Assets/Model/Temp-Player
  artifactKey: Guid(dea6f64a88b5c19439b9f6f78745ac7c) Importer(815301076,1909f56bfc062723c751e8b465ee728b)
Start importing Assets/Model/Temp-Player using Guid(dea6f64a88b5c19439b9f6f78745ac7c) Importer(815301076,1909f56bfc062723c751e8b465ee728b)  -> (artifact id: '387e78df9e2993297e78dbcdecc0bb8e') in 0.005981 seconds 
========================================================================
Received Import Request.
  Time since last request: 0.060994 seconds.
  path: Assets/Model/Temp-Player/Player.mat
  artifactKey: Guid(1fdf174c778d94c48a49128950fa6165) Importer(815301076,1909f56bfc062723c751e8b465ee728b)
Start importing Assets/Model/Temp-Player/Player.mat using Guid(1fdf174c778d94c48a49128950fa6165) Importer(815301076,1909f56bfc062723c751e8b465ee728b)  -> (artifact id: '68a59e439d1a17e75689f44728742e9a') in 0.232688 seconds 
========================================================================
Received Import Request.
  Time since last request: 1.826860 seconds.
  path: Assets/Model/SorcererCat
  artifactKey: Guid(63547f31a66972e4398939ec56690324) Importer(815301076,1909f56bfc062723c751e8b465ee728b)
Start importing Assets/Model/SorcererCat using Guid(63547f31a66972e4398939ec56690324) Importer(815301076,1909f56bfc062723c751e8b465ee728b)  -> (artifact id: 'ee26c5efe613e6ba574057471ebf0e90') in 0.005956 seconds 
========================================================================
Received Import Request.
  Time since last request: 0.054486 seconds.
  path: Assets/Model/SorcererCat/SorcererCat-Animation.fbx
  artifactKey: Guid(d9bb28c45495e1c48a17245af6b5d59e) Importer(815301076,1909f56bfc062723c751e8b465ee728b)
Start importing Assets/Model/SorcererCat/SorcererCat-Animation.fbx using Guid(d9bb28c45495e1c48a17245af6b5d59e) Importer(815301076,1909f56bfc062723c751e8b465ee728b)  -> (artifact id: '834e11fbfe7b667eaa12c7196e9320d2') in 2.830538 seconds 
========================================================================
Received Import Request.
  Time since last request: 16.669461 seconds.
  path: Assets/Photon
  artifactKey: Guid(36ad11943c7fd4141ae5f82c58fff2c4) Importer(815301076,1909f56bfc062723c751e8b465ee728b)
Start importing Assets/Photon using Guid(36ad11943c7fd4141ae5f82c58fff2c4) Importer(815301076,1909f56bfc062723c751e8b465ee728b)  -> (artifact id: 'cebd5e70753bff662910144ab029e68a') in 0.006822 seconds 
========================================================================
Received Import Request.
  Time since last request: 2.224879 seconds.
  path: Assets/Photon/Resources
  artifactKey: Guid(2ba9247b01ba21240ba00a5b499821dd) Importer(815301076,1909f56bfc062723c751e8b465ee728b)
Start importing Assets/Photon/Resources using Guid(2ba9247b01ba21240ba00a5b499821dd) Importer(815301076,1909f56bfc062723c751e8b465ee728b)  -> (artifact id: '14bec5360cb9f39c6f01f761ecc5475f') in 0.006327 seconds 
========================================================================
Received Import Request.
  Time since last request: 0.041237 seconds.
  path: Assets/Photon/Resources/PhotonAppSettings.asset
  artifactKey: Guid(0c747b9882edb214f94f5e51a815fa86) Importer(815301076,1909f56bfc062723c751e8b465ee728b)
Start importing Assets/Photon/Resources/PhotonAppSettings.asset using Guid(0c747b9882edb214f94f5e51a815fa86) Importer(815301076,1909f56bfc062723c751e8b465ee728b)  -> (artifact id: 'ef884c70d3c63e9c3b5bd9a0dd43ae3e') in 0.005835 seconds 
========================================================================
Received Prepare
Registering precompiled user dll's ...
Registered in 0.005874 seconds.
Begin MonoManager ReloadAssembly
Symbol file LoadedFromMemory doesn't match image C:\Users\Metaverse XR\Documents\GitHub\Interntank1\Library\PackageCache\com.unity.visualscripting@1.7.8\Editor\VisualScripting.Core\Dependencies\YamlDotNet\Unity.VisualScripting.YamlDotNet.dll
Symbol file LoadedFromMemory doesn't match image C:\Users\Metaverse XR\Documents\GitHub\Interntank1\Library\PackageCache\com.unity.visualscripting@1.7.8\Editor\VisualScripting.Core\Dependencies\DotNetZip\Unity.VisualScripting.IonicZip.dll
Native extension for WindowsStandalone target not found
Native extension for WebGL target not found
Refreshing native plugins compatible for Editor in 1.20 ms, found 3 plugins.
Preloading 0 native plugins for Editor in 0.00 ms.
Mono: successfully reloaded assembly
- Completed reload, in  1.123 seconds
Domain Reload Profiling:
	ReloadAssembly (1123ms)
		BeginReloadAssembly (121ms)
			ExecutionOrderSort (0ms)
			DisableScriptedObjects (5ms)
			BackupInstance (0ms)
			ReleaseScriptingObjects (0ms)
			CreateAndSetChildDomain (43ms)
		EndReloadAssembly (918ms)
			LoadAssemblies (75ms)
			RebuildTransferFunctionScriptingTraits (0ms)
			SetupTypeCache (298ms)
			ReleaseScriptCaches (3ms)
			RebuildScriptCaches (47ms)
			SetupLoadedEditorAssemblies (416ms)
				LogAssemblyErrors (0ms)
				InitializePlatformSupportModulesInManaged (11ms)
				SetLoadedEditorAssemblies (1ms)
				RefreshPlugins (1ms)
				BeforeProcessingInitializeOnLoad (82ms)
				ProcessInitializeOnLoadAttributes (231ms)
				ProcessInitializeOnLoadMethodAttributes (85ms)
				AfterProcessingInitializeOnLoad (4ms)
				EditorAssembliesLoaded (0ms)
			ExecutionOrderSort2 (0ms)
			AwakeInstancesAfterBackupRestoration (21ms)
Platform modules already initialized, skipping
Refreshing native plugins compatible for Editor in 2.13 ms, found 3 plugins.
Preloading 0 native plugins for Editor in 0.00 ms.
Unloading 5829 Unused Serialized files (Serialized files now loaded: 0)
Unloading 36 unused Assets / (0.7 MB). Loaded Objects now: 6515.
Memory consumption went from 241.2 MB to 240.5 MB.
Total: 3.199900 ms (FindLiveObjects: 0.403000 ms CreateObjectMapping: 0.306300 ms MarkObjects: 2.261100 ms  DeleteObjects: 0.228600 ms)

AssetImportParameters requested are different than current active one (requested -> active):
  custom:video-decoder-ogg-theora: a1e56fd34408186e4bbccfd4996cb3dc -> 
  custom:container-muxer-webm: aa71ff27fc2769a1b78a27578f13a17b -> 
  custom:container-demuxer-webm: 4f35f7cbe854078d1ac9338744f61a02 -> 
  custom:video-encoder-webm-vp8: eb34c28f22e8b96e1ab97ce403110664 -> 
  custom:audio-encoder-webm-vorbis: bf7c407c2cedff20999df2af8eb42d56 -> 
  custom:framework-win-MediaFoundation: 216162199b28c13a410421893ffa2e32 -> 
  custom:container-demuxer-ogg: 62fdf1f143b41e24485cea50d1cbac27 -> 
  custom:video-decoder-webm-vp8: 9c59270c3fd7afecdb556c50c9e8de78 -> 
  custom:audio-decoder-ogg-vorbis: bf7c407c2cedff20999df2af8eb42d56 -> 
========================================================================
Received Import Request.
  Time since last request: 143.315530 seconds.
  path: Assets/Samples
  artifactKey: Guid(de459bf3cbe814ea4b8f24386a81b26e) Importer(815301076,1909f56bfc062723c751e8b465ee728b)
Start importing Assets/Samples using Guid(de459bf3cbe814ea4b8f24386a81b26e) Importer(815301076,1909f56bfc062723c751e8b465ee728b)  -> (artifact id: '34b4e3a4503384cc6145d32542263b74') in 0.011384 seconds 
========================================================================
Received Import Request.
  Time since last request: 0.912201 seconds.
  path: Assets/Samples/Netcode for GameObjects
  artifactKey: Guid(0ff550ac8c19748ab808b1ea9e19a643) Importer(815301076,1909f56bfc062723c751e8b465ee728b)
Start importing Assets/Samples/Netcode for GameObjects using Guid(0ff550ac8c19748ab808b1ea9e19a643) Importer(815301076,1909f56bfc062723c751e8b465ee728b)  -> (artifact id: '1420c6860a0631a880253d8ab682f992') in 0.006107 seconds 
========================================================================
Received Import Request.
  Time since last request: 8.675474 seconds.
  path: Assets/TankConstructor
  artifactKey: Guid(bcba5938fc274aa4abb8645914bc0369) Importer(815301076,1909f56bfc062723c751e8b465ee728b)
Start importing Assets/TankConstructor using Guid(bcba5938fc274aa4abb8645914bc0369) Importer(815301076,1909f56bfc062723c751e8b465ee728b)  -> (artifact id: '87bd63fea3cdd9ebe13fa21198549eb9') in 0.005921 seconds 
========================================================================
Received Import Request.
  Time since last request: 18.070215 seconds.
  path: Assets/Prefab/LightCandle_Particle.prefab
  artifactKey: Guid(e7eda3f0408dea947a3a5571eaeb54bc) Importer(815301076,1909f56bfc062723c751e8b465ee728b)
Start importing Assets/Prefab/LightCandle_Particle.prefab using Guid(e7eda3f0408dea947a3a5571eaeb54bc) Importer(815301076,1909f56bfc062723c751e8b465ee728b)  -> (artifact id: 'dbe579ab2264ab3ea7dff3fd60bafd66') in 0.154863 seconds 
========================================================================
Received Import Request.
  Time since last request: 13.588002 seconds.
  path: Assets/Prefab/Old
  artifactKey: Guid(a9304f10b39dfa24ab777e7ccb2bb3c1) Importer(815301076,1909f56bfc062723c751e8b465ee728b)
Start importing Assets/Prefab/Old using Guid(a9304f10b39dfa24ab777e7ccb2bb3c1) Importer(815301076,1909f56bfc062723c751e8b465ee728b)  -> (artifact id: '4f5cf369d20f771f67400d21b577916b') in 0.005973 seconds 
========================================================================
Received Import Request.
  Time since last request: 306.104887 seconds.
  path: Assets/TankConstructor/Images
  artifactKey: Guid(e104e5140ab1f554aa0bf3409d00978d) Importer(815301076,1909f56bfc062723c751e8b465ee728b)
Start importing Assets/TankConstructor/Images using Guid(e104e5140ab1f554aa0bf3409d00978d) Importer(815301076,1909f56bfc062723c751e8b465ee728b)  -> (artifact id: 'f0d760b2d9088b708ff638e905edcb25') in 0.006642 seconds 
========================================================================
Received Import Request.
  Time since last request: 0.048016 seconds.
  path: Assets/TankConstructor/Images/Light.png
  artifactKey: Guid(7cebb625b8f53944b9c69152893e91ef) Importer(815301076,1909f56bfc062723c751e8b465ee728b)
Start importing Assets/TankConstructor/Images/Light.png using Guid(7cebb625b8f53944b9c69152893e91ef) Importer(815301076,1909f56bfc062723c751e8b465ee728b)  -> (artifact id: 'b932535e30a961f7bd90cb47b4dea526') in 0.041025 seconds 
========================================================================
Received Import Request.
  Time since last request: 0.905108 seconds.
  path: Assets/TankConstructor/Images/MapTiles
  artifactKey: Guid(758a62c9738f03c44a57a7c031107e0a) Importer(815301076,1909f56bfc062723c751e8b465ee728b)
Start importing Assets/TankConstructor/Images/MapTiles using Guid(758a62c9738f03c44a57a7c031107e0a) Importer(815301076,1909f56bfc062723c751e8b465ee728b)  -> (artifact id: '21a081720f621ea9ad1d745a4dcd01af') in 0.006370 seconds 
========================================================================
Received Import Request.
  Time since last request: 3.209600 seconds.
  path: Assets/TankConstructor/Images/Tracks
  artifactKey: Guid(7b637db21df3d79419c8296c09ee4327) Importer(815301076,1909f56bfc062723c751e8b465ee728b)
Start importing Assets/TankConstructor/Images/Tracks using Guid(7b637db21df3d79419c8296c09ee4327) Importer(815301076,1909f56bfc062723c751e8b465ee728b)  -> (artifact id: 'de584e26a686358a312041294c612214') in 0.006083 seconds 
========================================================================
Received Import Request.
  Time since last request: 3.826044 seconds.
  path: Assets/TankConstructor/Images/Towers
  artifactKey: Guid(e4d9925364a806744ba03e3eca21b8b0) Importer(815301076,1909f56bfc062723c751e8b465ee728b)
Start importing Assets/TankConstructor/Images/Towers using Guid(e4d9925364a806744ba03e3eca21b8b0) Importer(815301076,1909f56bfc062723c751e8b465ee728b)  -> (artifact id: 'dbe1f67b3caf5e08c98fdd15b208bfe1') in 0.007188 seconds 
========================================================================
Received Import Request.
  Time since last request: 0.466579 seconds.
  path: Assets/TankConstructor/Images/Tracks/TrackAFrame1.png
  artifactKey: Guid(5d095de063c482c4a8b4d113bb0c38a0) Importer(815301076,1909f56bfc062723c751e8b465ee728b)
Start importing Assets/TankConstructor/Images/Tracks/TrackAFrame1.png using Guid(5d095de063c482c4a8b4d113bb0c38a0) Importer(815301076,1909f56bfc062723c751e8b465ee728b)  -> (artifact id: 'c30c98120c80b510a5694455cf509e7f') in 0.025954 seconds 
========================================================================
Received Import Request.
  Time since last request: 0.000036 seconds.
  path: Assets/TankConstructor/Images/Tracks/TrackDFrame2.png
  artifactKey: Guid(d474f9cfb1d97014b8eee1d937a2cb4f) Importer(815301076,1909f56bfc062723c751e8b465ee728b)
Start importing Assets/TankConstructor/Images/Tracks/TrackDFrame2.png using Guid(d474f9cfb1d97014b8eee1d937a2cb4f) Importer(815301076,1909f56bfc062723c751e8b465ee728b)  -> (artifact id: 'f1cedb68ae9f5b4edefb208bbeada5bb') in 0.033862 seconds 
========================================================================
Received Import Request.
  Time since last request: 0.000030 seconds.
  path: Assets/TankConstructor/Images/Tracks/TrackBFrame1.png
  artifactKey: Guid(6e3675dd33e7b404b86496d5a7c4f3f9) Importer(815301076,1909f56bfc062723c751e8b465ee728b)
Start importing Assets/TankConstructor/Images/Tracks/TrackBFrame1.png using Guid(6e3675dd33e7b404b86496d5a7c4f3f9) Importer(815301076,1909f56bfc062723c751e8b465ee728b)  -> (artifact id: '3077b3c0b99b5f2db898dd15bd627152') in 0.032691 seconds 
========================================================================
Received Import Request.
  Time since last request: 0.000057 seconds.
  path: Assets/TankConstructor/Images/Tracks/TrackСFrame1.png
  artifactKey: Guid(eb1901a4dd1676441a505df73e03038a) Importer(815301076,1909f56bfc062723c751e8b465ee728b)
Start importing Assets/TankConstructor/Images/Tracks/TrackСFrame1.png using Guid(eb1901a4dd1676441a505df73e03038a) Importer(815301076,1909f56bfc062723c751e8b465ee728b)  -> (artifact id: '80a40e2cea1478e47b96592cc6412e26') in 0.021103 seconds 
========================================================================
Received Import Request.
  Time since last request: 2.807111 seconds.
  path: Assets/TankConstructor/Images/Towers/HeavyTowerA.png
  artifactKey: Guid(f1ccc39a0a85606479e4fcb6e5ae2aa3) Importer(815301076,1909f56bfc062723c751e8b465ee728b)
Start importing Assets/TankConstructor/Images/Towers/HeavyTowerA.png using Guid(f1ccc39a0a85606479e4fcb6e5ae2aa3) Importer(815301076,1909f56bfc062723c751e8b465ee728b)  -> (artifact id: 'a3b8c74de6d17a765d3be434ff5cf9f0') in 0.020502 seconds 
========================================================================
Received Import Request.
  Time since last request: 0.000027 seconds.
  path: Assets/TankConstructor/Images/Towers/MediumTowerA.png
  artifactKey: Guid(31081d7c2be8bc34d8981be9ebf32e0d) Importer(815301076,1909f56bfc062723c751e8b465ee728b)
Start importing Assets/TankConstructor/Images/Towers/MediumTowerA.png using Guid(31081d7c2be8bc34d8981be9ebf32e0d) Importer(815301076,1909f56bfc062723c751e8b465ee728b)  -> (artifact id: '5815be40733ab085a4288639b58dc008') in 0.018999 seconds 
========================================================================
Received Import Request.
  Time since last request: 0.000026 seconds.
  path: Assets/TankConstructor/Images/Towers/RocketLauncher.png
  artifactKey: Guid(db9044ee40360124a8c0c0169a8bfe87) Importer(815301076,1909f56bfc062723c751e8b465ee728b)
Start importing Assets/TankConstructor/Images/Towers/RocketLauncher.png using Guid(db9044ee40360124a8c0c0169a8bfe87) Importer(815301076,1909f56bfc062723c751e8b465ee728b)  -> (artifact id: 'fc247993dcbffaa43f11030c079201bf') in 0.019787 seconds 
========================================================================
Received Import Request.
  Time since last request: 0.000037 seconds.
  path: Assets/TankConstructor/Images/Towers/HeavyTowerD.png
  artifactKey: Guid(c433d9ca749351c4f8acb6f70448add5) Importer(815301076,1909f56bfc062723c751e8b465ee728b)
Start importing Assets/TankConstructor/Images/Towers/HeavyTowerD.png using Guid(c433d9ca749351c4f8acb6f70448add5) Importer(815301076,1909f56bfc062723c751e8b465ee728b)  -> (artifact id: '8cbf01011728d30dd1f6b88931c9257a') in 0.020214 seconds 
========================================================================
Received Import Request.
  Time since last request: 0.000036 seconds.
  path: Assets/TankConstructor/Images/Towers/MediumTowerB.png
  artifactKey: Guid(f523419b37f619c43b0e32f6e2e524af) Importer(815301076,1909f56bfc062723c751e8b465ee728b)
Start importing Assets/TankConstructor/Images/Towers/MediumTowerB.png using Guid(f523419b37f619c43b0e32f6e2e524af) Importer(815301076,1909f56bfc062723c751e8b465ee728b)  -> (artifact id: '26603da6581df29f1620b2815ed7e810') in 0.020577 seconds 
========================================================================
Received Import Request.
  Time since last request: 1.430415 seconds.
  path: Assets/TankConstructor/Images/Projectiles
  artifactKey: Guid(609562eb29ff4dc4780208e39e746649) Importer(815301076,1909f56bfc062723c751e8b465ee728b)
Start importing Assets/TankConstructor/Images/Projectiles using Guid(609562eb29ff4dc4780208e39e746649) Importer(815301076,1909f56bfc062723c751e8b465ee728b)  -> (artifact id: '5da01c0a4f45e2aafd83ea8a7e3696f6') in 0.006108 seconds 
========================================================================
Received Import Request.
  Time since last request: 0.069094 seconds.
  path: Assets/TankConstructor/Images/Projectiles/Bomb.png
  artifactKey: Guid(06de3d445ff946a49aec35b1690b2691) Importer(815301076,1909f56bfc062723c751e8b465ee728b)
Start importing Assets/TankConstructor/Images/Projectiles/Bomb.png using Guid(06de3d445ff946a49aec35b1690b2691) Importer(815301076,1909f56bfc062723c751e8b465ee728b)  -> (artifact id: '5c8d1e088811db0026051e0155d21dac') in 0.020132 seconds 
========================================================================
Received Import Request.
  Time since last request: 0.000031 seconds.
  path: Assets/TankConstructor/Images/Projectiles/Rocket.png
  artifactKey: Guid(c143aadfc38d40f4aabc25fd7408b9ad) Importer(815301076,1909f56bfc062723c751e8b465ee728b)
Start importing Assets/TankConstructor/Images/Projectiles/Rocket.png using Guid(c143aadfc38d40f4aabc25fd7408b9ad) Importer(815301076,1909f56bfc062723c751e8b465ee728b)  -> (artifact id: '25baef39114b9daffa57ac46afca1e6b') in 0.020096 seconds 
========================================================================
Received Import Request.
  Time since last request: 0.000026 seconds.
  path: Assets/TankConstructor/Images/Projectiles/MediumShell.png
  artifactKey: Guid(479b5200151b3674fbfd04f520cb302d) Importer(815301076,1909f56bfc062723c751e8b465ee728b)
Start importing Assets/TankConstructor/Images/Projectiles/MediumShell.png using Guid(479b5200151b3674fbfd04f520cb302d) Importer(815301076,1909f56bfc062723c751e8b465ee728b)  -> (artifact id: '7f52471b0c9452b005f016d3b1fed2a8') in 0.018989 seconds 
========================================================================
Received Import Request.
  Time since last request: 0.000032 seconds.
  path: Assets/TankConstructor/Images/Projectiles/RoundMine.png
  artifactKey: Guid(46a1119687b376743b1f19f928aca8ba) Importer(815301076,1909f56bfc062723c751e8b465ee728b)
Start importing Assets/TankConstructor/Images/Projectiles/RoundMine.png using Guid(46a1119687b376743b1f19f928aca8ba) Importer(815301076,1909f56bfc062723c751e8b465ee728b)  -> (artifact id: '96296b475442a783c0e0822e25d36ce8') in 0.022555 seconds 
========================================================================
Received Import Request.
  Time since last request: 34.000443 seconds.
  path: Assets/TankConstructor/Images/Platforms
  artifactKey: Guid(1cfee1db6f170594dad92ca52400b1dd) Importer(815301076,1909f56bfc062723c751e8b465ee728b)
Start importing Assets/TankConstructor/Images/Platforms using Guid(1cfee1db6f170594dad92ca52400b1dd) Importer(815301076,1909f56bfc062723c751e8b465ee728b)  -> (artifact id: '2341fbc213653a938f87bde6d968029c') in 0.006819 seconds 
========================================================================
Received Import Request.
  Time since last request: 0.055729 seconds.
  path: Assets/TankConstructor/Images/Platforms/PlatformA.png
  artifactKey: Guid(aef66197c6706264793573979eddcf7f) Importer(815301076,1909f56bfc062723c751e8b465ee728b)
Start importing Assets/TankConstructor/Images/Platforms/PlatformA.png using Guid(aef66197c6706264793573979eddcf7f) Importer(815301076,1909f56bfc062723c751e8b465ee728b)  -> (artifact id: 'd24b8e6f25fbcec1949f15f1fac863a8') in 0.030456 seconds 
========================================================================
Received Import Request.
  Time since last request: 7.160332 seconds.
  path: Assets/Prefab/Plazm.png
  artifactKey: Guid(3298a47132c39ed419542bae9766b982) Importer(815301076,1909f56bfc062723c751e8b465ee728b)
Start importing Assets/Prefab/Plazm.png using Guid(3298a47132c39ed419542bae9766b982) Importer(815301076,1909f56bfc062723c751e8b465ee728b)  -> (artifact id: 'a207e4b49836da47832447872e669d6d') in 0.019982 seconds 
========================================================================
Received Import Request.
  Time since last request: 78.766508 seconds.
  path: Assets/Prefab/Plazm.prefab
  artifactKey: Guid(738ccd41bf29c2c49a9bb478f9c73e75) Importer(815301076,1909f56bfc062723c751e8b465ee728b)
Start importing Assets/Prefab/Plazm.prefab using Guid(738ccd41bf29c2c49a9bb478f9c73e75) Importer(815301076,1909f56bfc062723c751e8b465ee728b)  -> (artifact id: '5175496429c9a709c35a96e3256e4aec') in 0.015421 seconds 
========================================================================
Received Import Request.
  Time since last request: 52.491012 seconds.
  path: Assets/Script/Player
  artifactKey: Guid(afa36b3220d02e24dafe2a5a8b0499fd) Importer(815301076,1909f56bfc062723c751e8b465ee728b)
Start importing Assets/Script/Player using Guid(afa36b3220d02e24dafe2a5a8b0499fd) Importer(815301076,1909f56bfc062723c751e8b465ee728b)  -> (artifact id: 'c0e7b2ad942865cde55907721397fdcb') in 0.002553 seconds 
========================================================================
Received Import Request.
  Time since last request: 0.372504 seconds.
  path: Assets/Script/movement
  artifactKey: Guid(858f08746db0fb04589335ccfc23c597) Importer(815301076,1909f56bfc062723c751e8b465ee728b)
Start importing Assets/Script/movement using Guid(858f08746db0fb04589335ccfc23c597) Importer(815301076,1909f56bfc062723c751e8b465ee728b)  -> (artifact id: 'b51168365a9b18dd3131ec0e148423b6') in 0.006783 seconds 
========================================================================
Received Import Request.
  Time since last request: 3.227443 seconds.
  path: Assets/Script/Player/PlayerInfo.cs
  artifactKey: Guid(419b24fb4f187f14bb6d5d113e3b35ec) Importer(815301076,1909f56bfc062723c751e8b465ee728b)
Start importing Assets/Script/Player/PlayerInfo.cs using Guid(419b24fb4f187f14bb6d5d113e3b35ec) Importer(815301076,1909f56bfc062723c751e8b465ee728b)  -> (artifact id: '6b8bd5c9c3968f75879e996fd36d52e5') in 0.008604 seconds 
========================================================================
Received Import Request.
  Time since last request: 38.133910 seconds.
  path: Assets/Script/PlayerController
  artifactKey: Guid(858f08746db0fb04589335ccfc23c597) Importer(815301076,1909f56bfc062723c751e8b465ee728b)
Start importing Assets/Script/PlayerController using Guid(858f08746db0fb04589335ccfc23c597) Importer(815301076,1909f56bfc062723c751e8b465ee728b)  -> (artifact id: 'ed7d435380b56e89f25eb36cfc95ca79') in 0.006431 seconds 
========================================================================
Received Prepare
Registering precompiled user dll's ...
Registered in 0.007183 seconds.
Begin MonoManager ReloadAssembly
Symbol file LoadedFromMemory doesn't match image C:\Users\Metaverse XR\Documents\GitHub\Interntank1\Library\PackageCache\com.unity.visualscripting@1.7.8\Editor\VisualScripting.Core\Dependencies\YamlDotNet\Unity.VisualScripting.YamlDotNet.dll
Symbol file LoadedFromMemory doesn't match image C:\Users\Metaverse XR\Documents\GitHub\Interntank1\Library\PackageCache\com.unity.visualscripting@1.7.8\Editor\VisualScripting.Core\Dependencies\DotNetZip\Unity.VisualScripting.IonicZip.dll
Native extension for WindowsStandalone target not found
Native extension for WebGL target not found
Refreshing native plugins compatible for Editor in 0.76 ms, found 3 plugins.
Preloading 0 native plugins for Editor in 0.00 ms.
Mono: successfully reloaded assembly
- Completed reload, in  0.999 seconds
Domain Reload Profiling:
	ReloadAssembly (1000ms)
		BeginReloadAssembly (120ms)
			ExecutionOrderSort (0ms)
			DisableScriptedObjects (5ms)
			BackupInstance (0ms)
			ReleaseScriptingObjects (0ms)
			CreateAndSetChildDomain (44ms)
		EndReloadAssembly (791ms)
			LoadAssemblies (68ms)
			RebuildTransferFunctionScriptingTraits (0ms)
			SetupTypeCache (246ms)
			ReleaseScriptCaches (2ms)
			RebuildScriptCaches (42ms)
			SetupLoadedEditorAssemblies (366ms)
				LogAssemblyErrors (0ms)
				InitializePlatformSupportModulesInManaged (10ms)
				SetLoadedEditorAssemblies (0ms)
				RefreshPlugins (1ms)
				BeforeProcessingInitializeOnLoad (78ms)
				ProcessInitializeOnLoadAttributes (200ms)
				ProcessInitializeOnLoadMethodAttributes (73ms)
				AfterProcessingInitializeOnLoad (4ms)
				EditorAssembliesLoaded (0ms)
			ExecutionOrderSort2 (0ms)
			AwakeInstancesAfterBackupRestoration (20ms)
Platform modules already initialized, skipping
Refreshing native plugins compatible for Editor in 1.76 ms, found 3 plugins.
Preloading 0 native plugins for Editor in 0.00 ms.
Unloading 5829 Unused Serialized files (Serialized files now loaded: 0)
Unloading 36 unused Assets / (0.7 MB). Loaded Objects now: 6572.
Memory consumption went from 241.3 MB to 240.6 MB.
Total: 3.382700 ms (FindLiveObjects: 0.321100 ms CreateObjectMapping: 0.235300 ms MarkObjects: 2.604900 ms  DeleteObjects: 0.220100 ms)

AssetImportParameters requested are different than current active one (requested -> active):
  custom:video-decoder-ogg-theora: a1e56fd34408186e4bbccfd4996cb3dc -> 
  custom:container-muxer-webm: aa71ff27fc2769a1b78a27578f13a17b -> 
  custom:container-demuxer-webm: 4f35f7cbe854078d1ac9338744f61a02 -> 
  custom:video-encoder-webm-vp8: eb34c28f22e8b96e1ab97ce403110664 -> 
  custom:audio-encoder-webm-vorbis: bf7c407c2cedff20999df2af8eb42d56 -> 
  custom:framework-win-MediaFoundation: 216162199b28c13a410421893ffa2e32 -> 
  custom:container-demuxer-ogg: 62fdf1f143b41e24485cea50d1cbac27 -> 
  custom:video-decoder-webm-vp8: 9c59270c3fd7afecdb556c50c9e8de78 -> 
  custom:audio-decoder-ogg-vorbis: bf7c407c2cedff20999df2af8eb42d56 -> 
========================================================================
Received Import Request.
  Time since last request: 18.974023 seconds.
  path: Assets/Script/PlayerController/Shoot.cs
  artifactKey: Guid(c950be1dd08b6e24bab0e3b528204f49) Importer(815301076,1909f56bfc062723c751e8b465ee728b)
Start importing Assets/Script/PlayerController/Shoot.cs using Guid(c950be1dd08b6e24bab0e3b528204f49) Importer(815301076,1909f56bfc062723c751e8b465ee728b)  -> (artifact id: 'ceca09df7250aca29cca2d462254840e') in 0.012846 seconds 
========================================================================
Received Import Request.
  Time since last request: 216.982156 seconds.
  path: Assets/Script/PlayerController/Shoot.cs
  artifactKey: Guid(c950be1dd08b6e24bab0e3b528204f49) Importer(815301076,1909f56bfc062723c751e8b465ee728b)
Start importing Assets/Script/PlayerController/Shoot.cs using Guid(c950be1dd08b6e24bab0e3b528204f49) Importer(815301076,1909f56bfc062723c751e8b465ee728b)  -> (artifact id: 'f04871355d1ce525b207176eb67099ed') in 0.002513 seconds 
========================================================================
Received Import Request.
  Time since last request: 244.481629 seconds.
  path: Assets/Script/PlayerController/Shoot.cs
  artifactKey: Guid(c950be1dd08b6e24bab0e3b528204f49) Importer(815301076,1909f56bfc062723c751e8b465ee728b)
Start importing Assets/Script/PlayerController/Shoot.cs using Guid(c950be1dd08b6e24bab0e3b528204f49) Importer(815301076,1909f56bfc062723c751e8b465ee728b)  -> (artifact id: 'd54218740a5268917c4bea948b8ab7ce') in 0.002180 seconds 
========================================================================
Received Prepare
Registering precompiled user dll's ...
Registered in 0.005691 seconds.
Begin MonoManager ReloadAssembly
Symbol file LoadedFromMemory doesn't match image C:\Users\Metaverse XR\Documents\GitHub\Interntank1\Library\PackageCache\com.unity.visualscripting@1.7.8\Editor\VisualScripting.Core\Dependencies\YamlDotNet\Unity.VisualScripting.YamlDotNet.dll
Symbol file LoadedFromMemory doesn't match image C:\Users\Metaverse XR\Documents\GitHub\Interntank1\Library\PackageCache\com.unity.visualscripting@1.7.8\Editor\VisualScripting.Core\Dependencies\DotNetZip\Unity.VisualScripting.IonicZip.dll
Native extension for WindowsStandalone target not found
Native extension for WebGL target not found
Refreshing native plugins compatible for Editor in 0.74 ms, found 3 plugins.
Preloading 0 native plugins for Editor in 0.00 ms.
Mono: successfully reloaded assembly
- Completed reload, in  1.033 seconds
Domain Reload Profiling:
	ReloadAssembly (1033ms)
		BeginReloadAssembly (117ms)
			ExecutionOrderSort (0ms)
			DisableScriptedObjects (3ms)
			BackupInstance (0ms)
			ReleaseScriptingObjects (0ms)
			CreateAndSetChildDomain (39ms)
		EndReloadAssembly (835ms)
			LoadAssemblies (68ms)
			RebuildTransferFunctionScriptingTraits (0ms)
			SetupTypeCache (269ms)
			ReleaseScriptCaches (1ms)
			RebuildScriptCaches (40ms)
			SetupLoadedEditorAssemblies (383ms)
				LogAssemblyErrors (0ms)
				InitializePlatformSupportModulesInManaged (12ms)
				SetLoadedEditorAssemblies (0ms)
				RefreshPlugins (1ms)
				BeforeProcessingInitializeOnLoad (74ms)
				ProcessInitializeOnLoadAttributes (213ms)
				ProcessInitializeOnLoadMethodAttributes (79ms)
				AfterProcessingInitializeOnLoad (4ms)
				EditorAssembliesLoaded (0ms)
			ExecutionOrderSort2 (0ms)
			AwakeInstancesAfterBackupRestoration (23ms)
Platform modules already initialized, skipping
Refreshing native plugins compatible for Editor in 1.79 ms, found 3 plugins.
Preloading 0 native plugins for Editor in 0.00 ms.
Unloading 5831 Unused Serialized files (Serialized files now loaded: 0)
Unloading 36 unused Assets / (0.7 MB). Loaded Objects now: 6588.
Memory consumption went from 241.4 MB to 240.7 MB.
Total: 3.399400 ms (FindLiveObjects: 0.329100 ms CreateObjectMapping: 0.183500 ms MarkObjects: 2.583000 ms  DeleteObjects: 0.303100 ms)

AssetImportParameters requested are different than current active one (requested -> active):
  custom:video-decoder-ogg-theora: a1e56fd34408186e4bbccfd4996cb3dc -> 
  custom:container-muxer-webm: aa71ff27fc2769a1b78a27578f13a17b -> 
  custom:container-demuxer-webm: 4f35f7cbe854078d1ac9338744f61a02 -> 
  custom:video-encoder-webm-vp8: eb34c28f22e8b96e1ab97ce403110664 -> 
  custom:audio-encoder-webm-vorbis: bf7c407c2cedff20999df2af8eb42d56 -> 
  custom:framework-win-MediaFoundation: 216162199b28c13a410421893ffa2e32 -> 
  custom:container-demuxer-ogg: 62fdf1f143b41e24485cea50d1cbac27 -> 
  custom:video-decoder-webm-vp8: 9c59270c3fd7afecdb556c50c9e8de78 -> 
  custom:audio-decoder-ogg-vorbis: bf7c407c2cedff20999df2af8eb42d56 -> 
========================================================================
Received Import Request.
  Time since last request: 63.822832 seconds.
  path: Assets/Prefab/Plazm.prefab
  artifactKey: Guid(738ccd41bf29c2c49a9bb478f9c73e75) Importer(815301076,1909f56bfc062723c751e8b465ee728b)
Start importing Assets/Prefab/Plazm.prefab using Guid(738ccd41bf29c2c49a9bb478f9c73e75) Importer(815301076,1909f56bfc062723c751e8b465ee728b)  -> (artifact id: 'c9f2567b972c18915d4fe6cdcebd13b6') in 0.167199 seconds 
========================================================================
Received Prepare
Registering precompiled user dll's ...
Registered in 0.007872 seconds.
Begin MonoManager ReloadAssembly
Symbol file LoadedFromMemory doesn't match image C:\Users\Metaverse XR\Documents\GitHub\Interntank1\Library\PackageCache\com.unity.visualscripting@1.7.8\Editor\VisualScripting.Core\Dependencies\YamlDotNet\Unity.VisualScripting.YamlDotNet.dll
Symbol file LoadedFromMemory doesn't match image C:\Users\Metaverse XR\Documents\GitHub\Interntank1\Library\PackageCache\com.unity.visualscripting@1.7.8\Editor\VisualScripting.Core\Dependencies\DotNetZip\Unity.VisualScripting.IonicZip.dll
Native extension for WindowsStandalone target not found
Native extension for WebGL target not found
Refreshing native plugins compatible for Editor in 0.95 ms, found 3 plugins.
Preloading 0 native plugins for Editor in 0.00 ms.
Mono: successfully reloaded assembly
- Completed reload, in  1.146 seconds
Domain Reload Profiling:
	ReloadAssembly (1147ms)
		BeginReloadAssembly (116ms)
			ExecutionOrderSort (0ms)
			DisableScriptedObjects (5ms)
			BackupInstance (0ms)
			ReleaseScriptingObjects (0ms)
			CreateAndSetChildDomain (41ms)
		EndReloadAssembly (944ms)
			LoadAssemblies (71ms)
			RebuildTransferFunctionScriptingTraits (0ms)
			SetupTypeCache (288ms)
			ReleaseScriptCaches (3ms)
			RebuildScriptCaches (51ms)
			SetupLoadedEditorAssemblies (431ms)
				LogAssemblyErrors (0ms)
				InitializePlatformSupportModulesInManaged (12ms)
				SetLoadedEditorAssemblies (0ms)
				RefreshPlugins (1ms)
				BeforeProcessingInitializeOnLoad (90ms)
				ProcessInitializeOnLoadAttributes (238ms)
				ProcessInitializeOnLoadMethodAttributes (85ms)
				AfterProcessingInitializeOnLoad (4ms)
				EditorAssembliesLoaded (0ms)
			ExecutionOrderSort2 (0ms)
			AwakeInstancesAfterBackupRestoration (22ms)
Platform modules already initialized, skipping
Refreshing native plugins compatible for Editor in 2.42 ms, found 3 plugins.
Preloading 0 native plugins for Editor in 0.00 ms.
Unloading 5830 Unused Serialized files (Serialized files now loaded: 0)
Unloading 36 unused Assets / (0.7 MB). Loaded Objects now: 6644.
Memory consumption went from 241.5 MB to 240.7 MB.
Total: 3.280500 ms (FindLiveObjects: 0.355100 ms CreateObjectMapping: 0.209100 ms MarkObjects: 2.440900 ms  DeleteObjects: 0.274400 ms)

AssetImportParameters requested are different than current active one (requested -> active):
  custom:video-decoder-ogg-theora: a1e56fd34408186e4bbccfd4996cb3dc -> 
  custom:container-muxer-webm: aa71ff27fc2769a1b78a27578f13a17b -> 
  custom:container-demuxer-webm: 4f35f7cbe854078d1ac9338744f61a02 -> 
  custom:video-encoder-webm-vp8: eb34c28f22e8b96e1ab97ce403110664 -> 
  custom:audio-encoder-webm-vorbis: bf7c407c2cedff20999df2af8eb42d56 -> 
  custom:framework-win-MediaFoundation: 216162199b28c13a410421893ffa2e32 -> 
  custom:container-demuxer-ogg: 62fdf1f143b41e24485cea50d1cbac27 -> 
  custom:video-decoder-webm-vp8: 9c59270c3fd7afecdb556c50c9e8de78 -> 
  custom:audio-decoder-ogg-vorbis: bf7c407c2cedff20999df2af8eb42d56 -> 
========================================================================
Received Prepare
Registering precompiled user dll's ...
Registered in 0.005743 seconds.
Begin MonoManager ReloadAssembly
Symbol file LoadedFromMemory doesn't match image C:\Users\Metaverse XR\Documents\GitHub\Interntank1\Library\PackageCache\com.unity.visualscripting@1.7.8\Editor\VisualScripting.Core\Dependencies\YamlDotNet\Unity.VisualScripting.YamlDotNet.dll
Symbol file LoadedFromMemory doesn't match image C:\Users\Metaverse XR\Documents\GitHub\Interntank1\Library\PackageCache\com.unity.visualscripting@1.7.8\Editor\VisualScripting.Core\Dependencies\DotNetZip\Unity.VisualScripting.IonicZip.dll
Native extension for WindowsStandalone target not found
Native extension for WebGL target not found
Refreshing native plugins compatible for Editor in 1.24 ms, found 3 plugins.
Preloading 0 native plugins for Editor in 0.00 ms.
Mono: successfully reloaded assembly
- Completed reload, in  1.061 seconds
Domain Reload Profiling:
	ReloadAssembly (1062ms)
		BeginReloadAssembly (109ms)
			ExecutionOrderSort (0ms)
			DisableScriptedObjects (3ms)
			BackupInstance (0ms)
			ReleaseScriptingObjects (0ms)
			CreateAndSetChildDomain (38ms)
		EndReloadAssembly (870ms)
			LoadAssemblies (68ms)
			RebuildTransferFunctionScriptingTraits (0ms)
			SetupTypeCache (262ms)
			ReleaseScriptCaches (2ms)
			RebuildScriptCaches (45ms)
			SetupLoadedEditorAssemblies (418ms)
				LogAssemblyErrors (0ms)
				InitializePlatformSupportModulesInManaged (11ms)
				SetLoadedEditorAssemblies (1ms)
				RefreshPlugins (1ms)
				BeforeProcessingInitializeOnLoad (85ms)
				ProcessInitializeOnLoadAttributes (235ms)
				ProcessInitializeOnLoadMethodAttributes (80ms)
				AfterProcessingInitializeOnLoad (4ms)
				EditorAssembliesLoaded (0ms)
			ExecutionOrderSort2 (0ms)
			AwakeInstancesAfterBackupRestoration (17ms)
Platform modules already initialized, skipping
Refreshing native plugins compatible for Editor in 2.09 ms, found 3 plugins.
Preloading 0 native plugins for Editor in 0.00 ms.
Unloading 5831 Unused Serialized files (Serialized files now loaded: 0)
Unloading 36 unused Assets / (0.7 MB). Loaded Objects now: 6659.
Memory consumption went from 241.6 MB to 240.8 MB.
Total: 3.144500 ms (FindLiveObjects: 0.365800 ms CreateObjectMapping: 0.197200 ms MarkObjects: 2.333600 ms  DeleteObjects: 0.247000 ms)

AssetImportParameters requested are different than current active one (requested -> active):
  custom:video-decoder-ogg-theora: a1e56fd34408186e4bbccfd4996cb3dc -> 
  custom:container-muxer-webm: aa71ff27fc2769a1b78a27578f13a17b -> 
  custom:container-demuxer-webm: 4f35f7cbe854078d1ac9338744f61a02 -> 
  custom:video-encoder-webm-vp8: eb34c28f22e8b96e1ab97ce403110664 -> 
  custom:audio-encoder-webm-vorbis: bf7c407c2cedff20999df2af8eb42d56 -> 
  custom:framework-win-MediaFoundation: 216162199b28c13a410421893ffa2e32 -> 
  custom:container-demuxer-ogg: 62fdf1f143b41e24485cea50d1cbac27 -> 
  custom:video-decoder-webm-vp8: 9c59270c3fd7afecdb556c50c9e8de78 -> 
  custom:audio-decoder-ogg-vorbis: bf7c407c2cedff20999df2af8eb42d56 -> 
========================================================================
Received Import Request.
  Time since last request: 95.143019 seconds.
  path: Assets/Prefab/Plazm.prefab
  artifactKey: Guid(738ccd41bf29c2c49a9bb478f9c73e75) Importer(815301076,1909f56bfc062723c751e8b465ee728b)
Start importing Assets/Prefab/Plazm.prefab using Guid(738ccd41bf29c2c49a9bb478f9c73e75) Importer(815301076,1909f56bfc062723c751e8b465ee728b)  -> (artifact id: 'af5795308771f1e1121aa00bcc6bc394') in 0.168272 seconds 
========================================================================
Received Prepare
Registering precompiled user dll's ...
Registered in 0.005529 seconds.
Begin MonoManager ReloadAssembly
Symbol file LoadedFromMemory doesn't match image C:\Users\Metaverse XR\Documents\GitHub\Interntank1\Library\PackageCache\com.unity.visualscripting@1.7.8\Editor\VisualScripting.Core\Dependencies\YamlDotNet\Unity.VisualScripting.YamlDotNet.dll
Symbol file LoadedFromMemory doesn't match image C:\Users\Metaverse XR\Documents\GitHub\Interntank1\Library\PackageCache\com.unity.visualscripting@1.7.8\Editor\VisualScripting.Core\Dependencies\DotNetZip\Unity.VisualScripting.IonicZip.dll
Native extension for WindowsStandalone target not found
Native extension for WebGL target not found
Refreshing native plugins compatible for Editor in 0.85 ms, found 3 plugins.
Preloading 0 native plugins for Editor in 0.00 ms.
Mono: successfully reloaded assembly
- Completed reload, in  1.123 seconds
Domain Reload Profiling:
	ReloadAssembly (1123ms)
		BeginReloadAssembly (131ms)
			ExecutionOrderSort (0ms)
			DisableScriptedObjects (5ms)
			BackupInstance (0ms)
			ReleaseScriptingObjects (0ms)
			CreateAndSetChildDomain (41ms)
		EndReloadAssembly (913ms)
			LoadAssemblies (86ms)
			RebuildTransferFunctionScriptingTraits (0ms)
			SetupTypeCache (291ms)
			ReleaseScriptCaches (2ms)
			RebuildScriptCaches (46ms)
			SetupLoadedEditorAssemblies (421ms)
				LogAssemblyErrors (0ms)
				InitializePlatformSupportModulesInManaged (11ms)
				SetLoadedEditorAssemblies (0ms)
				RefreshPlugins (1ms)
				BeforeProcessingInitializeOnLoad (84ms)
				ProcessInitializeOnLoadAttributes (232ms)
				ProcessInitializeOnLoadMethodAttributes (88ms)
				AfterProcessingInitializeOnLoad (4ms)
				EditorAssembliesLoaded (0ms)
			ExecutionOrderSort2 (0ms)
			AwakeInstancesAfterBackupRestoration (21ms)
Platform modules already initialized, skipping
Refreshing native plugins compatible for Editor in 2.02 ms, found 3 plugins.
Preloading 0 native plugins for Editor in 0.00 ms.
Unloading 5830 Unused Serialized files (Serialized files now loaded: 0)
Unloading 36 unused Assets / (0.7 MB). Loaded Objects now: 6715.
Memory consumption went from 241.5 MB to 240.8 MB.
Total: 3.414200 ms (FindLiveObjects: 0.395700 ms CreateObjectMapping: 0.243700 ms MarkObjects: 2.438200 ms  DeleteObjects: 0.335400 ms)

AssetImportParameters requested are different than current active one (requested -> active):
  custom:video-decoder-ogg-theora: a1e56fd34408186e4bbccfd4996cb3dc -> 
  custom:container-muxer-webm: aa71ff27fc2769a1b78a27578f13a17b -> 
  custom:container-demuxer-webm: 4f35f7cbe854078d1ac9338744f61a02 -> 
  custom:video-encoder-webm-vp8: eb34c28f22e8b96e1ab97ce403110664 -> 
  custom:audio-encoder-webm-vorbis: bf7c407c2cedff20999df2af8eb42d56 -> 
  custom:framework-win-MediaFoundation: 216162199b28c13a410421893ffa2e32 -> 
  custom:container-demuxer-ogg: 62fdf1f143b41e24485cea50d1cbac27 -> 
  custom:video-decoder-webm-vp8: 9c59270c3fd7afecdb556c50c9e8de78 -> 
  custom:audio-decoder-ogg-vorbis: bf7c407c2cedff20999df2af8eb42d56 -> 
========================================================================
Received Prepare
Registering precompiled user dll's ...
Registered in 0.007263 seconds.
Begin MonoManager ReloadAssembly
Symbol file LoadedFromMemory doesn't match image C:\Users\Metaverse XR\Documents\GitHub\Interntank1\Library\PackageCache\com.unity.visualscripting@1.7.8\Editor\VisualScripting.Core\Dependencies\YamlDotNet\Unity.VisualScripting.YamlDotNet.dll
Symbol file LoadedFromMemory doesn't match image C:\Users\Metaverse XR\Documents\GitHub\Interntank1\Library\PackageCache\com.unity.visualscripting@1.7.8\Editor\VisualScripting.Core\Dependencies\DotNetZip\Unity.VisualScripting.IonicZip.dll
Native extension for WindowsStandalone target not found
Native extension for WebGL target not found
Refreshing native plugins compatible for Editor in 1.29 ms, found 3 plugins.
Preloading 0 native plugins for Editor in 0.00 ms.
Mono: successfully reloaded assembly
- Completed reload, in  1.083 seconds
Domain Reload Profiling:
	ReloadAssembly (1084ms)
		BeginReloadAssembly (116ms)
			ExecutionOrderSort (0ms)
			DisableScriptedObjects (10ms)
			BackupInstance (0ms)
			ReleaseScriptingObjects (0ms)
			CreateAndSetChildDomain (36ms)
		EndReloadAssembly (893ms)
			LoadAssemblies (64ms)
			RebuildTransferFunctionScriptingTraits (0ms)
			SetupTypeCache (274ms)
			ReleaseScriptCaches (2ms)
			RebuildScriptCaches (49ms)
			SetupLoadedEditorAssemblies (417ms)
				LogAssemblyErrors (0ms)
				InitializePlatformSupportModulesInManaged (13ms)
				SetLoadedEditorAssemblies (1ms)
				RefreshPlugins (1ms)
				BeforeProcessingInitializeOnLoad (84ms)
				ProcessInitializeOnLoadAttributes (227ms)
				ProcessInitializeOnLoadMethodAttributes (86ms)
				AfterProcessingInitializeOnLoad (5ms)
				EditorAssembliesLoaded (0ms)
			ExecutionOrderSort2 (0ms)
			AwakeInstancesAfterBackupRestoration (19ms)
Platform modules already initialized, skipping
Refreshing native plugins compatible for Editor in 2.05 ms, found 3 plugins.
Preloading 0 native plugins for Editor in 0.00 ms.
Unloading 5831 Unused Serialized files (Serialized files now loaded: 0)
Unloading 36 unused Assets / (0.7 MB). Loaded Objects now: 6730.
Memory consumption went from 241.6 MB to 240.9 MB.
Total: 3.533800 ms (FindLiveObjects: 0.369700 ms CreateObjectMapping: 0.237000 ms MarkObjects: 2.480500 ms  DeleteObjects: 0.445500 ms)

AssetImportParameters requested are different than current active one (requested -> active):
  custom:video-decoder-ogg-theora: a1e56fd34408186e4bbccfd4996cb3dc -> 
  custom:container-muxer-webm: aa71ff27fc2769a1b78a27578f13a17b -> 
  custom:container-demuxer-webm: 4f35f7cbe854078d1ac9338744f61a02 -> 
  custom:video-encoder-webm-vp8: eb34c28f22e8b96e1ab97ce403110664 -> 
  custom:audio-encoder-webm-vorbis: bf7c407c2cedff20999df2af8eb42d56 -> 
  custom:framework-win-MediaFoundation: 216162199b28c13a410421893ffa2e32 -> 
  custom:container-demuxer-ogg: 62fdf1f143b41e24485cea50d1cbac27 -> 
  custom:video-decoder-webm-vp8: 9c59270c3fd7afecdb556c50c9e8de78 -> 
  custom:audio-decoder-ogg-vorbis: bf7c407c2cedff20999df2af8eb42d56 -> 
========================================================================
Received Import Request.
  Time since last request: 67.819919 seconds.
  path: Assets/Script/ChangeLightIntensity.cs
  artifactKey: Guid(ad92150ec4a281c439af9c53b65ff049) Importer(815301076,1909f56bfc062723c751e8b465ee728b)
Start importing Assets/Script/ChangeLightIntensity.cs using Guid(ad92150ec4a281c439af9c53b65ff049) Importer(815301076,1909f56bfc062723c751e8b465ee728b)  -> (artifact id: '7fd52b34569c63a40bc5617fb3c3b891') in 0.012864 seconds 
========================================================================
Received Import Request.
  Time since last request: 1.340350 seconds.
  path: Assets/Script/LoginManager.cs
  artifactKey: Guid(2c7edd3091e5f45b295f1fc24920b8fe) Importer(815301076,1909f56bfc062723c751e8b465ee728b)
Start importing Assets/Script/LoginManager.cs using Guid(2c7edd3091e5f45b295f1fc24920b8fe) Importer(815301076,1909f56bfc062723c751e8b465ee728b)  -> (artifact id: '1d16e5a7fa80fb48573a8211595bfb79') in 0.008003 seconds 
========================================================================
Received Import Request.
  Time since last request: 12.706239 seconds.
  path: Assets/Script/PlayerController/Bullet
  artifactKey: Guid(8eea15fc2a093ff44b31d0a0ab40f19d) Importer(815301076,1909f56bfc062723c751e8b465ee728b)
Start importing Assets/Script/PlayerController/Bullet using Guid(8eea15fc2a093ff44b31d0a0ab40f19d) Importer(815301076,1909f56bfc062723c751e8b465ee728b)  -> (artifact id: '40faa75197a26120dd3d90b6a2d6934d') in 0.005777 seconds 
========================================================================
Received Import Request.
  Time since last request: 10.179549 seconds.
  path: Assets/Script/PlayerController/Bullet/Bullet.cs
  artifactKey: Guid(1252cf9fd11e70743bf04326f1bd67de) Importer(815301076,1909f56bfc062723c751e8b465ee728b)
Start importing Assets/Script/PlayerController/Bullet/Bullet.cs using Guid(1252cf9fd11e70743bf04326f1bd67de) Importer(815301076,1909f56bfc062723c751e8b465ee728b)  -> (artifact id: 'ee6904b56594a165d7f91f38175b739d') in 0.002424 seconds 
========================================================================
Received Prepare
Registering precompiled user dll's ...
Registered in 0.005408 seconds.
Begin MonoManager ReloadAssembly
Symbol file LoadedFromMemory doesn't match image C:\Users\Metaverse XR\Documents\GitHub\Interntank1\Library\PackageCache\com.unity.visualscripting@1.7.8\Editor\VisualScripting.Core\Dependencies\YamlDotNet\Unity.VisualScripting.YamlDotNet.dll
Symbol file LoadedFromMemory doesn't match image C:\Users\Metaverse XR\Documents\GitHub\Interntank1\Library\PackageCache\com.unity.visualscripting@1.7.8\Editor\VisualScripting.Core\Dependencies\DotNetZip\Unity.VisualScripting.IonicZip.dll
Native extension for WindowsStandalone target not found
Native extension for WebGL target not found
Refreshing native plugins compatible for Editor in 0.74 ms, found 3 plugins.
Preloading 0 native plugins for Editor in 0.00 ms.
Mono: successfully reloaded assembly
- Completed reload, in  0.965 seconds
Domain Reload Profiling:
	ReloadAssembly (966ms)
		BeginReloadAssembly (121ms)
			ExecutionOrderSort (0ms)
			DisableScriptedObjects (3ms)
			BackupInstance (0ms)
			ReleaseScriptingObjects (0ms)
			CreateAndSetChildDomain (38ms)
		EndReloadAssembly (768ms)
			LoadAssemblies (73ms)
			RebuildTransferFunctionScriptingTraits (0ms)
			SetupTypeCache (236ms)
			ReleaseScriptCaches (2ms)
			RebuildScriptCaches (38ms)
			SetupLoadedEditorAssemblies (363ms)
				LogAssemblyErrors (0ms)
				InitializePlatformSupportModulesInManaged (10ms)
				SetLoadedEditorAssemblies (0ms)
				RefreshPlugins (1ms)
				BeforeProcessingInitializeOnLoad (75ms)
				ProcessInitializeOnLoadAttributes (199ms)
				ProcessInitializeOnLoadMethodAttributes (73ms)
				AfterProcessingInitializeOnLoad (4ms)
				EditorAssembliesLoaded (0ms)
			ExecutionOrderSort2 (0ms)
			AwakeInstancesAfterBackupRestoration (14ms)
Platform modules already initialized, skipping
Refreshing native plugins compatible for Editor in 1.80 ms, found 3 plugins.
Preloading 0 native plugins for Editor in 0.00 ms.
Unloading 5832 Unused Serialized files (Serialized files now loaded: 0)
Unloading 36 unused Assets / (0.7 MB). Loaded Objects now: 6746.
Memory consumption went from 241.7 MB to 240.9 MB.
Total: 3.411700 ms (FindLiveObjects: 0.351800 ms CreateObjectMapping: 0.189800 ms MarkObjects: 2.604500 ms  DeleteObjects: 0.265000 ms)

AssetImportParameters requested are different than current active one (requested -> active):
  custom:video-decoder-ogg-theora: a1e56fd34408186e4bbccfd4996cb3dc -> 
  custom:container-muxer-webm: aa71ff27fc2769a1b78a27578f13a17b -> 
  custom:container-demuxer-webm: 4f35f7cbe854078d1ac9338744f61a02 -> 
  custom:video-encoder-webm-vp8: eb34c28f22e8b96e1ab97ce403110664 -> 
  custom:audio-encoder-webm-vorbis: bf7c407c2cedff20999df2af8eb42d56 -> 
  custom:framework-win-MediaFoundation: 216162199b28c13a410421893ffa2e32 -> 
  custom:container-demuxer-ogg: 62fdf1f143b41e24485cea50d1cbac27 -> 
  custom:video-decoder-webm-vp8: 9c59270c3fd7afecdb556c50c9e8de78 -> 
  custom:audio-decoder-ogg-vorbis: bf7c407c2cedff20999df2af8eb42d56 -> 
========================================================================
Received Import Request.
  Time since last request: 35.905783 seconds.
  path: Assets/TankConstructor/Images/GunConnectors
  artifactKey: Guid(9d5efecd0f689c74ea58abc9ece01e49) Importer(815301076,1909f56bfc062723c751e8b465ee728b)
Start importing Assets/TankConstructor/Images/GunConnectors using Guid(9d5efecd0f689c74ea58abc9ece01e49) Importer(815301076,1909f56bfc062723c751e8b465ee728b)  -> (artifact id: 'aebf8ea2b6915c53d831ba270ca02582') in 0.012166 seconds 
========================================================================
Received Import Request.
  Time since last request: 0.041664 seconds.
  path: Assets/TankConstructor/Images/GunConnectors/GunConnectorA.png
  artifactKey: Guid(52786b274c91b9343b42f43961fa9e13) Importer(815301076,1909f56bfc062723c751e8b465ee728b)
Start importing Assets/TankConstructor/Images/GunConnectors/GunConnectorA.png using Guid(52786b274c91b9343b42f43961fa9e13) Importer(815301076,1909f56bfc062723c751e8b465ee728b)  -> (artifact id: 'a86f2d6aca392ac6249bb1bb420feaec') in 0.067570 seconds 
========================================================================
Received Import Request.
  Time since last request: 0.000028 seconds.
  path: Assets/TankConstructor/Images/GunConnectors/GunConnectorF.png
  artifactKey: Guid(43863ac6cf4a4634b9d02375d97d18b4) Importer(815301076,1909f56bfc062723c751e8b465ee728b)
Start importing Assets/TankConstructor/Images/GunConnectors/GunConnectorF.png using Guid(43863ac6cf4a4634b9d02375d97d18b4) Importer(815301076,1909f56bfc062723c751e8b465ee728b)  -> (artifact id: 'a33a7a847030130ed5a6515df88e1be1') in 0.018423 seconds 
========================================================================
Received Import Request.
  Time since last request: 0.000029 seconds.
  path: Assets/TankConstructor/Images/GunConnectors/GunConnectorE.png
  artifactKey: Guid(24111c3867af83d438bfe9c330823230) Importer(815301076,1909f56bfc062723c751e8b465ee728b)
Start importing Assets/TankConstructor/Images/GunConnectors/GunConnectorE.png using Guid(24111c3867af83d438bfe9c330823230) Importer(815301076,1909f56bfc062723c751e8b465ee728b)  -> (artifact id: 'c7ade902a9bb312463f1379f0aa02b1e') in 0.021985 seconds 
========================================================================
Received Import Request.
  Time since last request: 8.337867 seconds.
  path: Assets/TankConstructor/Images/MapTiles/B.png
  artifactKey: Guid(27d6f3a4b534d844fbcb5ce41dad9c76) Importer(815301076,1909f56bfc062723c751e8b465ee728b)
Start importing Assets/TankConstructor/Images/MapTiles/B.png using Guid(27d6f3a4b534d844fbcb5ce41dad9c76) Importer(815301076,1909f56bfc062723c751e8b465ee728b)  -> (artifact id: '17900f325800f212d9a7a0981c2960c1') in 0.049949 seconds 
========================================================================
Received Import Request.
  Time since last request: 0.000028 seconds.
  path: Assets/TankConstructor/Images/MapTiles/D.png
  artifactKey: Guid(0a1ea645350607648b80c5b0dd09ce86) Importer(815301076,1909f56bfc062723c751e8b465ee728b)
Start importing Assets/TankConstructor/Images/MapTiles/D.png using Guid(0a1ea645350607648b80c5b0dd09ce86) Importer(815301076,1909f56bfc062723c751e8b465ee728b)  -> (artifact id: '9f4786e604c69bb22e3d767d6a1db842') in 0.038488 seconds 
========================================================================
Received Import Request.
  Time since last request: 0.000047 seconds.
  path: Assets/TankConstructor/Images/MapTiles/G.png
  artifactKey: Guid(8b26fc2c745371944b5143e909993aa9) Importer(815301076,1909f56bfc062723c751e8b465ee728b)
Start importing Assets/TankConstructor/Images/MapTiles/G.png using Guid(8b26fc2c745371944b5143e909993aa9) Importer(815301076,1909f56bfc062723c751e8b465ee728b)  -> (artifact id: 'b550c6b1209baf14d23ed367a1609818') in 0.031980 seconds 
========================================================================
Received Import Request.
  Time since last request: 1.256823 seconds.
  path: Assets/TankConstructor/Images/Hulls/HeavyHullB.png
  artifactKey: Guid(4b2a9ffca2dd69347821d99550885818) Importer(815301076,1909f56bfc062723c751e8b465ee728b)
Start importing Assets/TankConstructor/Images/Hulls/HeavyHullB.png using Guid(4b2a9ffca2dd69347821d99550885818) Importer(815301076,1909f56bfc062723c751e8b465ee728b)  -> (artifact id: '0e255fbd10ac74010502a587abcd9f22') in 0.023319 seconds 
========================================================================
Received Import Request.
  Time since last request: 0.000029 seconds.
  path: Assets/TankConstructor/Images/Hulls/MediumHullC.png
  artifactKey: Guid(e0609a9292fd58642a68a660e8bab050) Importer(815301076,1909f56bfc062723c751e8b465ee728b)
Start importing Assets/TankConstructor/Images/Hulls/MediumHullC.png using Guid(e0609a9292fd58642a68a660e8bab050) Importer(815301076,1909f56bfc062723c751e8b465ee728b)  -> (artifact id: 'fcee02d59b0649b4aedf8b8a48d473c1') in 0.024962 seconds 
========================================================================
Received Import Request.
  Time since last request: 0.000032 seconds.
  path: Assets/TankConstructor/Images/Hulls/MediumHullB.png
  artifactKey: Guid(3174d3bca3b62c24896dabb9812253bb) Importer(815301076,1909f56bfc062723c751e8b465ee728b)
Start importing Assets/TankConstructor/Images/Hulls/MediumHullB.png using Guid(3174d3bca3b62c24896dabb9812253bb) Importer(815301076,1909f56bfc062723c751e8b465ee728b)  -> (artifact id: 'bfc7463945eef02047b1679653e8d88e') in 0.023898 seconds 
========================================================================
Received Import Request.
  Time since last request: 1.499321 seconds.
  path: Assets/TankConstructor/Images/Guns/HeavyGunB.png
  artifactKey: Guid(6093598df13cc0e409217e28d25d435b) Importer(815301076,1909f56bfc062723c751e8b465ee728b)
Start importing Assets/TankConstructor/Images/Guns/HeavyGunB.png using Guid(6093598df13cc0e409217e28d25d435b) Importer(815301076,1909f56bfc062723c751e8b465ee728b)  -> (artifact id: 'c1b01abc6636aeb18bb558787b7f28ac') in 0.023663 seconds 
========================================================================
Received Import Request.
  Time since last request: 0.000023 seconds.
  path: Assets/TankConstructor/Images/Guns/SmallGunA.png
  artifactKey: Guid(6c55d1b41192f50409d83ab5e5953d29) Importer(815301076,1909f56bfc062723c751e8b465ee728b)
Start importing Assets/TankConstructor/Images/Guns/SmallGunA.png using Guid(6c55d1b41192f50409d83ab5e5953d29) Importer(815301076,1909f56bfc062723c751e8b465ee728b)  -> (artifact id: '05965b6e17a87013feb28fce38ce6178') in 0.022167 seconds 
========================================================================
Received Import Request.
  Time since last request: 0.000034 seconds.
  path: Assets/TankConstructor/Images/Guns/MediumGunB.png
  artifactKey: Guid(ef52641bac94e0642b7d213ffbd429e8) Importer(815301076,1909f56bfc062723c751e8b465ee728b)
Start importing Assets/TankConstructor/Images/Guns/MediumGunB.png using Guid(ef52641bac94e0642b7d213ffbd429e8) Importer(815301076,1909f56bfc062723c751e8b465ee728b)  -> (artifact id: '11c71c7f3e43f53ef65d89d455a2f1de') in 0.022396 seconds 
========================================================================
Received Import Request.
  Time since last request: 0.000021 seconds.
  path: Assets/TankConstructor/Images/Guns/MediumGunA.png
  artifactKey: Guid(dba2347742dc4884a9f385a783661418) Importer(815301076,1909f56bfc062723c751e8b465ee728b)
Start importing Assets/TankConstructor/Images/Guns/MediumGunA.png using Guid(dba2347742dc4884a9f385a783661418) Importer(815301076,1909f56bfc062723c751e8b465ee728b)  -> (artifact id: 'fda46dee89cfcc45ca924637061682c6') in 0.023956 seconds 
========================================================================
Received Import Request.
  Time since last request: 0.000035 seconds.
  path: Assets/TankConstructor/Images/Guns/MediumGunC.png
  artifactKey: Guid(64b0356f87144f346aee6f16541b3baf) Importer(815301076,1909f56bfc062723c751e8b465ee728b)
Start importing Assets/TankConstructor/Images/Guns/MediumGunC.png using Guid(64b0356f87144f346aee6f16541b3baf) Importer(815301076,1909f56bfc062723c751e8b465ee728b)  -> (artifact id: 'e83ba2e8c66d170ba797cba91681f558') in 0.024273 seconds 
========================================================================
Received Import Request.
  Time since last request: 0.000022 seconds.
  path: Assets/TankConstructor/Images/Guns/HeavyGunH.png
  artifactKey: Guid(79ab9a8b8d2df024088cf7a3ca6dc45a) Importer(815301076,1909f56bfc062723c751e8b465ee728b)
Start importing Assets/TankConstructor/Images/Guns/HeavyGunH.png using Guid(79ab9a8b8d2df024088cf7a3ca6dc45a) Importer(815301076,1909f56bfc062723c751e8b465ee728b)  -> (artifact id: 'd6fe8b7c7153adeae2878d02236817c4') in 0.019491 seconds 
