
=== Wed Dec 22 15:08:35 2021

Packages were changed.
Update Mode: updateDependencies

The following packages were updated:
  com.unity.collab-proxy from version 1.9.0 to 1.15.4
  com.unity.ide.visualstudio from version 2.0.11 to 2.0.12

=== Mon Mar 14 15:39:18 2022

Packages were changed.
Update Mode: updateDependencies

The following packages were updated:
  com.unity.cinemachine from version 2.6.11 to 2.8.3
  com.unity.collab-proxy from version 1.9.0 to 1.15.7
  com.unity.ide.rider from version 2.0.7 to 3.0.9
  com.unity.ide.visualstudio from version 2.0.11 to 2.0.12
  com.unity.render-pipelines.universal from version 10.6.0 to 12.1.4
  com.unity.timeline from version 1.4.8 to 1.6.3

=== Mon Jul 11 14:33:14 2022

Packages were changed.
Update Mode: updateDependencies

The following packages were updated:
  com.unity.cinemachine from version 2.8.3 to 2.8.6
  com.unity.collab-proxy from version 1.15.7 to 1.15.18
  com.unity.ide.rider from version 3.0.9 to 3.0.15
  com.unity.ide.visualstudio from version 2.0.12 to 2.0.16
  com.unity.ide.vscode from version 1.2.4 to 1.2.5
  com.unity.render-pipelines.universal from version 12.1.4 to 12.1.7
  com.unity.test-framework from version 1.1.29 to 1.1.31
  com.unity.timeline from version 1.6.3 to 1.6.4
